{"/home/loc/workspace/gathering/dashboard/src/components/AgentTypingIndicator.tsx": {"path":"/home/loc/workspace/gathering/dashboard/src/components/AgentTypingIndicator.tsx","statementMap":{"0":{"start":{"line":13,"column":99},"end":{"line":34,"column":null}},"1":{"start":{"line":41,"column":17},"end":{"line":41,"column":null}},"2":{"start":{"line":43,"column":2},"end":{"line":43,"column":null}},"3":{"start":{"line":43,"column":24},"end":{"line":43,"column":null}},"4":{"start":{"line":45,"column":2},"end":{"line":62,"column":null}},"5":{"start":{"line":68,"column":2},"end":{"line":73,"column":null}}},"fnMap":{"0":{"name":"AgentTypingIndicator","decl":{"start":{"line":36,"column":16},"end":{"line":36,"column":37}},"loc":{"start":{"line":40,"column":30},"end":{"line":64,"column":null}},"line":40},"1":{"name":"AgentTypingDots","decl":{"start":{"line":67,"column":16},"end":{"line":67,"column":32}},"loc":{"start":{"line":67,"column":76},"end":{"line":75,"column":null}},"line":67}},"branchMap":{"0":{"loc":{"start":{"line":37,"column":2},"end":{"line":37,"column":null}},"type":"default-arg","locations":[{"start":{"line":37,"column":14},"end":{"line":37,"column":null}}],"line":37},"1":{"loc":{"start":{"line":38,"column":2},"end":{"line":38,"column":null}},"type":"default-arg","locations":[{"start":{"line":38,"column":10},"end":{"line":38,"column":null}}],"line":38},"2":{"loc":{"start":{"line":39,"column":2},"end":{"line":39,"column":null}},"type":"default-arg","locations":[{"start":{"line":39,"column":13},"end":{"line":39,"column":null}}],"line":39},"3":{"loc":{"start":{"line":43,"column":2},"end":{"line":43,"column":null}},"type":"if","locations":[{"start":{"line":43,"column":2},"end":{"line":43,"column":null}},{"start":{},"end":{}}],"line":43},"4":{"loc":{"start":{"line":47,"column":7},"end":{"line":50,"column":null}},"type":"binary-expr","locations":[{"start":{"line":47,"column":7},"end":{"line":47,"column":null}},{"start":{"line":48,"column":8},"end":{"line":50,"column":null}}],"line":47},"5":{"loc":{"start":{"line":67,"column":34},"end":{"line":67,"column":49}},"type":"default-arg","locations":[{"start":{"line":67,"column":46},"end":{"line":67,"column":49}}],"line":67}},"s":{"0":1,"1":11,"2":11,"3":1,"4":10,"5":4},"f":{"0":11,"1":4},"b":{"0":[11],"1":[11],"2":[11],"3":[1,10],"4":[10,9],"5":[4]},"meta":{"lastBranch":6,"lastFunction":2,"lastStatement":6,"seen":{"s:13:99:34:Infinity":0,"f:36:16:36:37":0,"b:37:14:37:Infinity":0,"b:38:10:38:Infinity":1,"b:39:13:39:Infinity":2,"s:41:17:41:Infinity":1,"b:43:2:43:Infinity:undefined:undefined:undefined:undefined":3,"s:43:2:43:Infinity":2,"s:43:24:43:Infinity":3,"s:45:2:62:Infinity":4,"b:47:7:47:Infinity:48:8:50:Infinity":4,"f:67:16:67:32":1,"b:67:46:67:49":5,"s:68:2:73:Infinity":5}}}
,"/home/loc/workspace/gathering/dashboard/src/components/ConnectionStatus.tsx": {"path":"/home/loc/workspace/gathering/dashboard/src/components/ConnectionStatus.tsx","statementMap":{"0":{"start":{"line":18,"column":19},"end":{"line":18,"column":null}},"1":{"start":{"line":19,"column":18},"end":{"line":19,"column":null}},"2":{"start":{"line":20,"column":19},"end":{"line":20,"column":null}},"3":{"start":{"line":22,"column":2},"end":{"line":31,"column":null}},"4":{"start":{"line":23,"column":4},"end":{"line":29,"column":null}},"5":{"start":{"line":33,"column":2},"end":{"line":45,"column":null}},"6":{"start":{"line":34,"column":4},"end":{"line":43,"column":null}},"7":{"start":{"line":47,"column":2},"end":{"line":53,"column":null}}},"fnMap":{"0":{"name":"ConnectionStatus","decl":{"start":{"line":12,"column":16},"end":{"line":12,"column":33}},"loc":{"start":{"line":17,"column":26},"end":{"line":55,"column":null}},"line":17}},"branchMap":{"0":{"loc":{"start":{"line":14,"column":2},"end":{"line":14,"column":null}},"type":"default-arg","locations":[{"start":{"line":14,"column":19},"end":{"line":14,"column":null}}],"line":14},"1":{"loc":{"start":{"line":15,"column":2},"end":{"line":15,"column":null}},"type":"default-arg","locations":[{"start":{"line":15,"column":14},"end":{"line":15,"column":null}}],"line":15},"2":{"loc":{"start":{"line":16,"column":2},"end":{"line":16,"column":null}},"type":"default-arg","locations":[{"start":{"line":16,"column":9},"end":{"line":16,"column":null}}],"line":16},"3":{"loc":{"start":{"line":18,"column":19},"end":{"line":18,"column":null}},"type":"cond-expr","locations":[{"start":{"line":18,"column":35},"end":{"line":18,"column":51}},{"start":{"line":18,"column":51},"end":{"line":18,"column":null}}],"line":18},"4":{"loc":{"start":{"line":19,"column":18},"end":{"line":19,"column":null}},"type":"cond-expr","locations":[{"start":{"line":19,"column":34},"end":{"line":19,"column":46}},{"start":{"line":19,"column":46},"end":{"line":19,"column":null}}],"line":19},"5":{"loc":{"start":{"line":20,"column":19},"end":{"line":20,"column":null}},"type":"cond-expr","locations":[{"start":{"line":20,"column":35},"end":{"line":20,"column":47}},{"start":{"line":20,"column":47},"end":{"line":20,"column":null}}],"line":20},"6":{"loc":{"start":{"line":22,"column":2},"end":{"line":31,"column":null}},"type":"if","locations":[{"start":{"line":22,"column":2},"end":{"line":31,"column":null}},{"start":{},"end":{}}],"line":22},"7":{"loc":{"start":{"line":26,"column":9},"end":{"line":27,"column":null}},"type":"binary-expr","locations":[{"start":{"line":26,"column":9},"end":{"line":26,"column":null}},{"start":{"line":27,"column":10},"end":{"line":27,"column":null}}],"line":26},"8":{"loc":{"start":{"line":33,"column":2},"end":{"line":45,"column":null}},"type":"if","locations":[{"start":{"line":33,"column":2},"end":{"line":45,"column":null}},{"start":{},"end":{}}],"line":33},"9":{"loc":{"start":{"line":40,"column":9},"end":{"line":41,"column":null}},"type":"binary-expr","locations":[{"start":{"line":40,"column":9},"end":{"line":40,"column":null}},{"start":{"line":41,"column":10},"end":{"line":41,"column":null}}],"line":40},"10":{"loc":{"start":{"line":50,"column":7},"end":{"line":51,"column":null}},"type":"binary-expr","locations":[{"start":{"line":50,"column":7},"end":{"line":50,"column":null}},{"start":{"line":51,"column":8},"end":{"line":51,"column":null}}],"line":50}},"s":{"0":12,"1":12,"2":12,"3":12,"4":3,"5":9,"6":6,"7":3},"f":{"0":12},"b":{"0":[12],"1":[12],"2":[12],"3":[11,1],"4":[11,1],"5":[11,1],"6":[3,9],"7":[3,3],"8":[6,3],"9":[6,5],"10":[3,3]},"meta":{"lastBranch":11,"lastFunction":1,"lastStatement":8,"seen":{"f:12:16:12:33":0,"b:14:19:14:Infinity":0,"b:15:14:15:Infinity":1,"b:16:9:16:Infinity":2,"s:18:19:18:Infinity":0,"b:18:35:18:51:18:51:18:Infinity":3,"s:19:18:19:Infinity":1,"b:19:34:19:46:19:46:19:Infinity":4,"s:20:19:20:Infinity":2,"b:20:35:20:47:20:47:20:Infinity":5,"b:22:2:31:Infinity:undefined:undefined:undefined:undefined":6,"s:22:2:31:Infinity":3,"s:23:4:29:Infinity":4,"b:26:9:26:Infinity:27:10:27:Infinity":7,"b:33:2:45:Infinity:undefined:undefined:undefined:undefined":8,"s:33:2:45:Infinity":5,"s:34:4:43:Infinity":6,"b:40:9:40:Infinity:41:10:41:Infinity":9,"s:47:2:53:Infinity":7,"b:50:7:50:Infinity:51:8:51:Infinity":10}}}
,"/home/loc/workspace/gathering/dashboard/src/components/Layout.tsx": {"path":"/home/loc/workspace/gathering/dashboard/src/components/Layout.tsx","statementMap":{"0":{"start":{"line":51,"column":30},"end":{"line":108,"column":null}},"1":{"start":{"line":111,"column":8},"end":{"line":111,"column":null}},"2":{"start":{"line":112,"column":36},"end":{"line":112,"column":null}},"3":{"start":{"line":113,"column":42},"end":{"line":119,"column":null}},"4":{"start":{"line":114,"column":45},"end":{"line":114,"column":null}},"5":{"start":{"line":115,"column":4},"end":{"line":117,"column":null}},"6":{"start":{"line":116,"column":6},"end":{"line":116,"column":null}},"7":{"start":{"line":118,"column":4},"end":{"line":118,"column":null}},"8":{"start":{"line":123,"column":22},"end":{"line":128,"column":null}},"9":{"start":{"line":130,"column":22},"end":{"line":135,"column":null}},"10":{"start":{"line":131,"column":4},"end":{"line":134,"column":null}},"11":{"start":{"line":131,"column":31},"end":{"line":134,"column":6}},"12":{"start":{"line":138,"column":24},"end":{"line":143,"column":null}},"13":{"start":{"line":139,"column":4},"end":{"line":142,"column":null}},"14":{"start":{"line":140,"column":6},"end":{"line":141,"column":null}},"15":{"start":{"line":145,"column":2},"end":{"line":339,"column":null}},"16":{"start":{"line":151,"column":25},"end":{"line":151,"column":null}},"17":{"start":{"line":185,"column":27},"end":{"line":185,"column":null}},"18":{"start":{"line":194,"column":31},"end":{"line":194,"column":null}},"19":{"start":{"line":195,"column":34},"end":{"line":195,"column":null}},"20":{"start":{"line":197,"column":12},"end":{"line":244,"column":null}},"21":{"start":{"line":201,"column":33},"end":{"line":201,"column":null}},"22":{"start":{"line":221,"column":39},"end":{"line":222,"column":null}},"23":{"start":{"line":224,"column":22},"end":{"line":239,"column":null}},"24":{"start":{"line":232,"column":41},"end":{"line":232,"column":null}},"25":{"start":{"line":279,"column":27},"end":{"line":279,"column":null}}},"fnMap":{"0":{"name":"Layout","decl":{"start":{"line":110,"column":16},"end":{"line":110,"column":25}},"loc":{"start":{"line":110,"column":25},"end":{"line":341,"column":null}},"line":110},"1":{"name":"(anonymous_1)","decl":{"start":{"line":113,"column":80},"end":{"line":113,"column":86}},"loc":{"start":{"line":113,"column":86},"end":{"line":119,"column":3}},"line":113},"2":{"name":"(anonymous_2)","decl":{"start":{"line":115,"column":22},"end":{"line":115,"column":31}},"loc":{"start":{"line":115,"column":31},"end":{"line":117,"column":5}},"line":115},"3":{"name":"(anonymous_3)","decl":{"start":{"line":130,"column":22},"end":{"line":130,"column":23}},"loc":{"start":{"line":130,"column":43},"end":{"line":135,"column":null}},"line":130},"4":{"name":"(anonymous_4)","decl":{"start":{"line":131,"column":22},"end":{"line":131,"column":31}},"loc":{"start":{"line":131,"column":31},"end":{"line":134,"column":6}},"line":131},"5":{"name":"(anonymous_5)","decl":{"start":{"line":138,"column":24},"end":{"line":138,"column":25}},"loc":{"start":{"line":138,"column":45},"end":{"line":143,"column":null}},"line":138},"6":{"name":"(anonymous_6)","decl":{"start":{"line":139,"column":28},"end":{"line":139,"column":null}},"loc":{"start":{"line":140,"column":6},"end":{"line":141,"column":null}},"line":140},"7":{"name":"(anonymous_7)","decl":{"start":{"line":151,"column":19},"end":{"line":151,"column":25}},"loc":{"start":{"line":151,"column":25},"end":{"line":151,"column":null}},"line":151},"8":{"name":"(anonymous_8)","decl":{"start":{"line":185,"column":21},"end":{"line":185,"column":27}},"loc":{"start":{"line":185,"column":27},"end":{"line":185,"column":null}},"line":185},"9":{"name":"(anonymous_9)","decl":{"start":{"line":193,"column":25},"end":{"line":193,"column":26}},"loc":{"start":{"line":193,"column":36},"end":{"line":246,"column":11}},"line":193},"10":{"name":"(anonymous_10)","decl":{"start":{"line":201,"column":27},"end":{"line":201,"column":33}},"loc":{"start":{"line":201,"column":33},"end":{"line":201,"column":null}},"line":201},"11":{"name":"(anonymous_11)","decl":{"start":{"line":220,"column":37},"end":{"line":220,"column":38}},"loc":{"start":{"line":220,"column":47},"end":{"line":241,"column":21}},"line":220},"12":{"name":"(anonymous_12)","decl":{"start":{"line":232,"column":35},"end":{"line":232,"column":41}},"loc":{"start":{"line":232,"column":41},"end":{"line":232,"column":null}},"line":232},"13":{"name":"(anonymous_13)","decl":{"start":{"line":279,"column":21},"end":{"line":279,"column":27}},"loc":{"start":{"line":279,"column":27},"end":{"line":279,"column":null}},"line":279}},"branchMap":{"0":{"loc":{"start":{"line":116,"column":26},"end":{"line":116,"column":null}},"type":"binary-expr","locations":[{"start":{"line":116,"column":26},"end":{"line":116,"column":47}},{"start":{"line":116,"column":47},"end":{"line":116,"column":null}}],"line":116},"1":{"loc":{"start":{"line":140,"column":6},"end":{"line":141,"column":null}},"type":"binary-expr","locations":[{"start":{"line":140,"column":6},"end":{"line":140,"column":null}},{"start":{"line":141,"column":7},"end":{"line":141,"column":28}},{"start":{"line":141,"column":28},"end":{"line":141,"column":null}}],"line":140},"2":{"loc":{"start":{"line":148,"column":7},"end":{"line":152,"column":null}},"type":"binary-expr","locations":[{"start":{"line":148,"column":7},"end":{"line":148,"column":null}},{"start":{"line":149,"column":8},"end":{"line":152,"column":null}}],"line":148},"3":{"loc":{"start":{"line":161,"column":12},"end":{"line":161,"column":63}},"type":"cond-expr","locations":[{"start":{"line":161,"column":26},"end":{"line":161,"column":44}},{"start":{"line":161,"column":44},"end":{"line":161,"column":63}}],"line":161},"4":{"loc":{"start":{"line":205,"column":22},"end":{"line":205,"column":127}},"type":"cond-expr","locations":[{"start":{"line":205,"column":38},"end":{"line":205,"column":75}},{"start":{"line":205,"column":75},"end":{"line":205,"column":127}}],"line":205},"5":{"loc":{"start":{"line":210,"column":19},"end":{"line":213,"column":null}},"type":"cond-expr","locations":[{"start":{"line":211,"column":20},"end":{"line":211,"column":null}},{"start":{"line":213,"column":20},"end":{"line":213,"column":null}}],"line":210},"6":{"loc":{"start":{"line":218,"column":17},"end":{"line":242,"column":null}},"type":"binary-expr","locations":[{"start":{"line":218,"column":17},"end":{"line":218,"column":null}},{"start":{"line":219,"column":18},"end":{"line":242,"column":null}}],"line":218},"7":{"loc":{"start":{"line":221,"column":39},"end":{"line":222,"column":null}},"type":"binary-expr","locations":[{"start":{"line":221,"column":39},"end":{"line":221,"column":null}},{"start":{"line":222,"column":25},"end":{"line":222,"column":46}},{"start":{"line":222,"column":46},"end":{"line":222,"column":null}}],"line":221},"8":{"loc":{"start":{"line":230,"column":30},"end":{"line":230,"column":54}},"type":"cond-expr","locations":[{"start":{"line":230,"column":41},"end":{"line":230,"column":52}},{"start":{"line":230,"column":52},"end":{"line":230,"column":54}}],"line":230},"9":{"loc":{"start":{"line":234,"column":43},"end":{"line":234,"column":79}},"type":"cond-expr","locations":[{"start":{"line":234,"column":54},"end":{"line":234,"column":74}},{"start":{"line":234,"column":74},"end":{"line":234,"column":79}}],"line":234},"10":{"loc":{"start":{"line":236,"column":27},"end":{"line":237,"column":null}},"type":"binary-expr","locations":[{"start":{"line":236,"column":27},"end":{"line":236,"column":null}},{"start":{"line":237,"column":28},"end":{"line":237,"column":null}}],"line":236},"11":{"loc":{"start":{"line":255,"column":56},"end":{"line":255,"column":102}},"type":"cond-expr","locations":[{"start":{"line":255,"column":70},"end":{"line":255,"column":89}},{"start":{"line":255,"column":89},"end":{"line":255,"column":102}}],"line":255},"12":{"loc":{"start":{"line":256,"column":56},"end":{"line":256,"column":91}},"type":"cond-expr","locations":[{"start":{"line":256,"column":70},"end":{"line":256,"column":81}},{"start":{"line":256,"column":81},"end":{"line":256,"column":91}}],"line":256},"13":{"loc":{"start":{"line":259,"column":17},"end":{"line":262,"column":null}},"type":"cond-expr","locations":[{"start":{"line":260,"column":18},"end":{"line":260,"column":null}},{"start":{"line":262,"column":18},"end":{"line":262,"column":null}}],"line":259},"14":{"loc":{"start":{"line":264,"column":44},"end":{"line":264,"column":94}},"type":"cond-expr","locations":[{"start":{"line":264,"column":58},"end":{"line":264,"column":79}},{"start":{"line":264,"column":79},"end":{"line":264,"column":94}}],"line":264},"15":{"loc":{"start":{"line":265,"column":19},"end":{"line":265,"column":null}},"type":"cond-expr","locations":[{"start":{"line":265,"column":33},"end":{"line":265,"column":42}},{"start":{"line":265,"column":42},"end":{"line":265,"column":null}}],"line":265}},"s":{"0":1,"1":14,"2":14,"3":14,"4":12,"5":12,"6":60,"7":12,"8":14,"9":14,"10":2,"11":2,"12":14,"13":70,"14":210,"15":14,"16":0,"17":0,"18":70,"19":70,"20":70,"21":2,"22":170,"23":170,"24":0,"25":0},"f":{"0":14,"1":12,"2":60,"3":2,"4":2,"5":70,"6":210,"7":0,"8":0,"9":70,"10":2,"11":170,"12":0,"13":0},"b":{"0":[60,0],"1":[210,196,196],"2":[14,0],"3":[0,14],"4":[14,56],"5":[43,27],"6":[70,43],"7":[170,156,156],"8":[14,156],"9":[14,156],"10":[170,14],"11":[0,14],"12":[0,14],"13":[0,14],"14":[0,14],"15":[0,14]},"meta":{"lastBranch":16,"lastFunction":14,"lastStatement":26,"seen":{"s:51:30:108:Infinity":0,"f:110:16:110:25":0,"s:111:8:111:Infinity":1,"s:112:36:112:Infinity":2,"s:113:42:119:Infinity":3,"f:113:80:113:86":1,"s:114:45:114:Infinity":4,"s:115:4:117:Infinity":5,"f:115:22:115:31":2,"s:116:6:116:Infinity":6,"b:116:26:116:47:116:47:116:Infinity":0,"s:118:4:118:Infinity":7,"s:123:22:128:Infinity":8,"s:130:22:135:Infinity":9,"f:130:22:130:23":3,"s:131:4:134:Infinity":10,"f:131:22:131:31":4,"s:131:31:134:6":11,"s:138:24:143:Infinity":12,"f:138:24:138:25":5,"s:139:4:142:Infinity":13,"f:139:28:139:Infinity":6,"s:140:6:141:Infinity":14,"b:140:6:140:Infinity:141:7:141:28:141:28:141:Infinity":1,"s:145:2:339:Infinity":15,"b:148:7:148:Infinity:149:8:152:Infinity":2,"f:151:19:151:25":7,"s:151:25:151:Infinity":16,"b:161:26:161:44:161:44:161:63":3,"f:185:21:185:27":8,"s:185:27:185:Infinity":17,"f:193:25:193:26":9,"s:194:31:194:Infinity":18,"s:195:34:195:Infinity":19,"s:197:12:244:Infinity":20,"f:201:27:201:33":10,"s:201:33:201:Infinity":21,"b:205:38:205:75:205:75:205:127":4,"b:211:20:211:Infinity:213:20:213:Infinity":5,"b:218:17:218:Infinity:219:18:242:Infinity":6,"f:220:37:220:38":11,"s:221:39:222:Infinity":22,"b:221:39:221:Infinity:222:25:222:46:222:46:222:Infinity":7,"s:224:22:239:Infinity":23,"b:230:41:230:52:230:52:230:54":8,"f:232:35:232:41":12,"s:232:41:232:Infinity":24,"b:234:54:234:74:234:74:234:79":9,"b:236:27:236:Infinity:237:28:237:Infinity":10,"b:255:70:255:89:255:89:255:102":11,"b:256:70:256:81:256:81:256:91":12,"b:260:18:260:Infinity:262:18:262:Infinity":13,"b:264:58:264:79:264:79:264:94":14,"b:265:33:265:42:265:42:265:Infinity":15,"f:279:21:279:27":13,"s:279:27:279:Infinity":25}}}
,"/home/loc/workspace/gathering/dashboard/src/components/PipelineEditor.tsx": {"path":"/home/loc/workspace/gathering/dashboard/src/components/PipelineEditor.tsx","statementMap":{"0":{"start":{"line":47,"column":5},"end":{"line":96,"column":null}},"1":{"start":{"line":99,"column":21},"end":{"line":104,"column":null}},"2":{"start":{"line":107,"column":20},"end":{"line":112,"column":null}},"3":{"start":{"line":116,"column":2},"end":{"line":116,"column":null}},"4":{"start":{"line":133,"column":21},"end":{"line":133,"column":null}},"5":{"start":{"line":134,"column":32},"end":{"line":134,"column":null}},"6":{"start":{"line":135,"column":36},"end":{"line":135,"column":null}},"7":{"start":{"line":137,"column":21},"end":{"line":140,"column":null}},"8":{"start":{"line":138,"column":4},"end":{"line":138,"column":null}},"9":{"start":{"line":139,"column":4},"end":{"line":139,"column":null}},"10":{"start":{"line":142,"column":23},"end":{"line":144,"column":null}},"11":{"start":{"line":143,"column":4},"end":{"line":143,"column":null}},"12":{"start":{"line":143,"column":28},"end":{"line":143,"column":54}},"13":{"start":{"line":146,"column":2},"end":{"line":414,"column":null}},"14":{"start":{"line":167,"column":29},"end":{"line":167,"column":null}},"15":{"start":{"line":180,"column":33},"end":{"line":180,"column":null}},"16":{"start":{"line":184,"column":18},"end":{"line":184,"column":null}},"17":{"start":{"line":188,"column":40},"end":{"line":188,"column":90}},"18":{"start":{"line":198,"column":35},"end":{"line":198,"column":null}},"19":{"start":{"line":214,"column":35},"end":{"line":214,"column":null}},"20":{"start":{"line":230,"column":34},"end":{"line":230,"column":null}},"21":{"start":{"line":231,"column":32},"end":{"line":231,"column":null}},"22":{"start":{"line":231,"column":49},"end":{"line":231,"column":65}},"23":{"start":{"line":232,"column":18},"end":{"line":232,"column":null}},"24":{"start":{"line":233,"column":18},"end":{"line":236,"column":null}},"25":{"start":{"line":234,"column":20},"end":{"line":234,"column":null}},"26":{"start":{"line":235,"column":20},"end":{"line":235,"column":null}},"27":{"start":{"line":242,"column":18},"end":{"line":244,"column":null}},"28":{"start":{"line":254,"column":33},"end":{"line":254,"column":null}},"29":{"start":{"line":264,"column":33},"end":{"line":264,"column":null}},"30":{"start":{"line":279,"column":33},"end":{"line":279,"column":null}},"31":{"start":{"line":293,"column":33},"end":{"line":293,"column":null}},"32":{"start":{"line":310,"column":33},"end":{"line":310,"column":null}},"33":{"start":{"line":314,"column":18},"end":{"line":314,"column":null}},"34":{"start":{"line":325,"column":37},"end":{"line":325,"column":null}},"35":{"start":{"line":338,"column":37},"end":{"line":338,"column":null}},"36":{"start":{"line":338,"column":99},"end":{"line":338,"column":107}},"37":{"start":{"line":352,"column":35},"end":{"line":352,"column":null}},"38":{"start":{"line":364,"column":33},"end":{"line":364,"column":null}},"39":{"start":{"line":378,"column":31},"end":{"line":378,"column":null}},"40":{"start":{"line":436,"column":21},"end":{"line":436,"column":null}},"41":{"start":{"line":438,"column":2},"end":{"line":515,"column":null}},"42":{"start":{"line":492,"column":12},"end":{"line":492,"column":null}},"43":{"start":{"line":493,"column":12},"end":{"line":493,"column":null}},"44":{"start":{"line":506,"column":12},"end":{"line":506,"column":null}},"45":{"start":{"line":507,"column":12},"end":{"line":507,"column":null}},"46":{"start":{"line":526,"column":22},"end":{"line":526,"column":null}},"47":{"start":{"line":527,"column":36},"end":{"line":527,"column":null}},"48":{"start":{"line":528,"column":24},"end":{"line":538,"column":null}},"49":{"start":{"line":539,"column":24},"end":{"line":539,"column":null}},"50":{"start":{"line":540,"column":42},"end":{"line":540,"column":null}},"51":{"start":{"line":541,"column":46},"end":{"line":541,"column":null}},"52":{"start":{"line":542,"column":26},"end":{"line":542,"column":null}},"53":{"start":{"line":543,"column":24},"end":{"line":543,"column":null}},"54":{"start":{"line":544,"column":36},"end":{"line":544,"column":null}},"55":{"start":{"line":546,"column":23},"end":{"line":546,"column":null}},"56":{"start":{"line":546,"column":39},"end":{"line":546,"column":62}},"57":{"start":{"line":549,"column":8},"end":{"line":561,"column":null}},"58":{"start":{"line":550,"column":23},"end":{"line":550,"column":null}},"59":{"start":{"line":551,"column":34},"end":{"line":557,"column":null}},"60":{"start":{"line":558,"column":4},"end":{"line":558,"column":null}},"61":{"start":{"line":558,"column":21},"end":{"line":558,"column":39}},"62":{"start":{"line":559,"column":4},"end":{"line":559,"column":null}},"63":{"start":{"line":560,"column":4},"end":{"line":560,"column":null}},"64":{"start":{"line":564,"column":8},"end":{"line":568,"column":null}},"65":{"start":{"line":565,"column":4},"end":{"line":567,"column":null}},"66":{"start":{"line":565,"column":21},"end":{"line":567,"column":5}},"67":{"start":{"line":566,"column":6},"end":{"line":566,"column":null}},"68":{"start":{"line":571,"column":8},"end":{"line":575,"column":null}},"69":{"start":{"line":572,"column":4},"end":{"line":572,"column":null}},"70":{"start":{"line":572,"column":21},"end":{"line":572,"column":54}},"71":{"start":{"line":572,"column":38},"end":{"line":572,"column":53}},"72":{"start":{"line":573,"column":4},"end":{"line":573,"column":null}},"73":{"start":{"line":573,"column":21},"end":{"line":573,"column":75}},"74":{"start":{"line":573,"column":38},"end":{"line":573,"column":74}},"75":{"start":{"line":574,"column":4},"end":{"line":574,"column":null}},"76":{"start":{"line":578,"column":8},"end":{"line":581,"column":null}},"77":{"start":{"line":579,"column":4},"end":{"line":579,"column":null}},"78":{"start":{"line":580,"column":4},"end":{"line":580,"column":null}},"79":{"start":{"line":584,"column":8},"end":{"line":601,"column":null}},"80":{"start":{"line":585,"column":4},"end":{"line":588,"column":null}},"81":{"start":{"line":586,"column":6},"end":{"line":586,"column":null}},"82":{"start":{"line":587,"column":6},"end":{"line":587,"column":null}},"83":{"start":{"line":591,"column":19},"end":{"line":591,"column":null}},"84":{"start":{"line":591,"column":35},"end":{"line":591,"column":79}},"85":{"start":{"line":592,"column":4},"end":{"line":599,"column":null}},"86":{"start":{"line":593,"column":36},"end":{"line":597,"column":null}},"87":{"start":{"line":598,"column":6},"end":{"line":598,"column":null}},"88":{"start":{"line":598,"column":23},"end":{"line":598,"column":41}},"89":{"start":{"line":600,"column":4},"end":{"line":600,"column":null}},"90":{"start":{"line":604,"column":8},"end":{"line":606,"column":null}},"91":{"start":{"line":605,"column":4},"end":{"line":605,"column":null}},"92":{"start":{"line":609,"column":8},"end":{"line":611,"column":null}},"93":{"start":{"line":610,"column":4},"end":{"line":610,"column":null}},"94":{"start":{"line":610,"column":21},"end":{"line":610,"column":54}},"95":{"start":{"line":610,"column":38},"end":{"line":610,"column":53}},"96":{"start":{"line":614,"column":21},"end":{"line":641,"column":null}},"97":{"start":{"line":615,"column":4},"end":{"line":618,"column":null}},"98":{"start":{"line":616,"column":6},"end":{"line":616,"column":null}},"99":{"start":{"line":617,"column":6},"end":{"line":617,"column":null}},"100":{"start":{"line":620,"column":4},"end":{"line":623,"column":null}},"101":{"start":{"line":621,"column":6},"end":{"line":621,"column":null}},"102":{"start":{"line":622,"column":6},"end":{"line":622,"column":null}},"103":{"start":{"line":625,"column":4},"end":{"line":625,"column":null}},"104":{"start":{"line":626,"column":4},"end":{"line":626,"column":null}},"105":{"start":{"line":628,"column":4},"end":{"line":640,"column":null}},"106":{"start":{"line":629,"column":6},"end":{"line":634,"column":null}},"107":{"start":{"line":635,"column":6},"end":{"line":635,"column":null}},"108":{"start":{"line":637,"column":6},"end":{"line":637,"column":null}},"109":{"start":{"line":639,"column":6},"end":{"line":639,"column":null}},"110":{"start":{"line":644,"column":29},"end":{"line":648,"column":null}},"111":{"start":{"line":645,"column":21},"end":{"line":645,"column":null}},"112":{"start":{"line":645,"column":39},"end":{"line":645,"column":54}},"113":{"start":{"line":646,"column":21},"end":{"line":646,"column":null}},"114":{"start":{"line":646,"column":39},"end":{"line":646,"column":56}},"115":{"start":{"line":647,"column":4},"end":{"line":647,"column":null}},"116":{"start":{"line":651,"column":2},"end":{"line":663,"column":null}},"117":{"start":{"line":652,"column":26},"end":{"line":660,"column":null}},"118":{"start":{"line":653,"column":6},"end":{"line":659,"column":null}},"119":{"start":{"line":654,"column":8},"end":{"line":658,"column":null}},"120":{"start":{"line":655,"column":10},"end":{"line":655,"column":null}},"121":{"start":{"line":656,"column":8},"end":{"line":658,"column":null}},"122":{"start":{"line":657,"column":10},"end":{"line":657,"column":null}},"123":{"start":{"line":661,"column":4},"end":{"line":661,"column":null}},"124":{"start":{"line":662,"column":4},"end":{"line":662,"column":null}},"125":{"start":{"line":662,"column":17},"end":{"line":662,"column":null}},"126":{"start":{"line":665,"column":2},"end":{"line":880,"column":null}},"127":{"start":{"line":682,"column":33},"end":{"line":682,"column":null}},"128":{"start":{"line":689,"column":33},"end":{"line":689,"column":null}},"129":{"start":{"line":718,"column":29},"end":{"line":718,"column":null}},"130":{"start":{"line":729,"column":18},"end":{"line":741,"column":null}},"131":{"start":{"line":731,"column":35},"end":{"line":731,"column":null}},"132":{"start":{"line":771,"column":12},"end":{"line":773,"column":null}},"133":{"start":{"line":772,"column":14},"end":{"line":772,"column":null}},"134":{"start":{"line":779,"column":34},"end":{"line":779,"column":null}},"135":{"start":{"line":780,"column":34},"end":{"line":780,"column":null}},"136":{"start":{"line":782,"column":14},"end":{"line":811,"column":null}},"137":{"start":{"line":790,"column":22},"end":{"line":794,"column":null}},"138":{"start":{"line":791,"column":24},"end":{"line":791,"column":null}},"139":{"start":{"line":793,"column":24},"end":{"line":793,"column":null}},"140":{"start":{"line":796,"column":42},"end":{"line":796,"column":null}},"141":{"start":{"line":797,"column":37},"end":{"line":797,"column":null}},"142":{"start":{"line":820,"column":33},"end":{"line":820,"column":null}},"143":{"start":{"line":835,"column":35},"end":{"line":835,"column":null}},"144":{"start":{"line":835,"column":51},"end":{"line":835,"column":69}},"145":{"start":{"line":836,"column":33},"end":{"line":836,"column":null}},"146":{"start":{"line":836,"column":49},"end":{"line":836,"column":65}},"147":{"start":{"line":837,"column":18},"end":{"line":837,"column":null}},"148":{"start":{"line":837,"column":44},"end":{"line":837,"column":null}},"149":{"start":{"line":839,"column":18},"end":{"line":859,"column":null}},"150":{"start":{"line":853,"column":39},"end":{"line":853,"column":null}},"151":{"start":{"line":874,"column":35},"end":{"line":874,"column":null}},"152":{"start":{"line":875,"column":28},"end":{"line":875,"column":null}},"153":{"start":{"line":876,"column":27},"end":{"line":876,"column":null}}},"fnMap":{"0":{"name":"generateNodeId","decl":{"start":{"line":115,"column":9},"end":{"line":115,"column":34}},"loc":{"start":{"line":115,"column":34},"end":{"line":117,"column":null}},"line":115},"1":{"name":"NodeConfigPanel","decl":{"start":{"line":120,"column":9},"end":{"line":120,"column":25}},"loc":{"start":{"line":132,"column":3},"end":{"line":416,"column":null}},"line":132},"2":{"name":"(anonymous_2)","decl":{"start":{"line":137,"column":21},"end":{"line":137,"column":27}},"loc":{"start":{"line":137,"column":27},"end":{"line":140,"column":null}},"line":137},"3":{"name":"(anonymous_3)","decl":{"start":{"line":142,"column":23},"end":{"line":142,"column":24}},"loc":{"start":{"line":142,"column":74},"end":{"line":144,"column":null}},"line":142},"4":{"name":"(anonymous_4)","decl":{"start":{"line":143,"column":19},"end":{"line":143,"column":28}},"loc":{"start":{"line":143,"column":28},"end":{"line":143,"column":54}},"line":143},"5":{"name":"(anonymous_5)","decl":{"start":{"line":167,"column":22},"end":{"line":167,"column":23}},"loc":{"start":{"line":167,"column":29},"end":{"line":167,"column":null}},"line":167},"6":{"name":"(anonymous_6)","decl":{"start":{"line":180,"column":26},"end":{"line":180,"column":27}},"loc":{"start":{"line":180,"column":33},"end":{"line":180,"column":null}},"line":180},"7":{"name":"(anonymous_7)","decl":{"start":{"line":183,"column":34},"end":{"line":183,"column":null}},"loc":{"start":{"line":184,"column":18},"end":{"line":184,"column":null}},"line":184},"8":{"name":"(anonymous_8)","decl":{"start":{"line":188,"column":35},"end":{"line":188,"column":40}},"loc":{"start":{"line":188,"column":40},"end":{"line":188,"column":90}},"line":188},"9":{"name":"(anonymous_9)","decl":{"start":{"line":198,"column":28},"end":{"line":198,"column":29}},"loc":{"start":{"line":198,"column":35},"end":{"line":198,"column":null}},"line":198},"10":{"name":"(anonymous_10)","decl":{"start":{"line":214,"column":28},"end":{"line":214,"column":29}},"loc":{"start":{"line":214,"column":35},"end":{"line":214,"column":null}},"line":214},"11":{"name":"(anonymous_11)","decl":{"start":{"line":229,"column":26},"end":{"line":229,"column":27}},"loc":{"start":{"line":229,"column":33},"end":{"line":237,"column":null}},"line":229},"12":{"name":"(anonymous_12)","decl":{"start":{"line":231,"column":44},"end":{"line":231,"column":49}},"loc":{"start":{"line":231,"column":49},"end":{"line":231,"column":65}},"line":231},"13":{"name":"(anonymous_13)","decl":{"start":{"line":241,"column":28},"end":{"line":241,"column":null}},"loc":{"start":{"line":242,"column":18},"end":{"line":244,"column":null}},"line":242},"14":{"name":"(anonymous_14)","decl":{"start":{"line":254,"column":26},"end":{"line":254,"column":27}},"loc":{"start":{"line":254,"column":33},"end":{"line":254,"column":null}},"line":254},"15":{"name":"(anonymous_15)","decl":{"start":{"line":264,"column":26},"end":{"line":264,"column":27}},"loc":{"start":{"line":264,"column":33},"end":{"line":264,"column":null}},"line":264},"16":{"name":"(anonymous_16)","decl":{"start":{"line":279,"column":26},"end":{"line":279,"column":27}},"loc":{"start":{"line":279,"column":33},"end":{"line":279,"column":null}},"line":279},"17":{"name":"(anonymous_17)","decl":{"start":{"line":293,"column":26},"end":{"line":293,"column":27}},"loc":{"start":{"line":293,"column":33},"end":{"line":293,"column":null}},"line":293},"18":{"name":"(anonymous_18)","decl":{"start":{"line":310,"column":26},"end":{"line":310,"column":27}},"loc":{"start":{"line":310,"column":33},"end":{"line":310,"column":null}},"line":310},"19":{"name":"(anonymous_19)","decl":{"start":{"line":313,"column":33},"end":{"line":313,"column":null}},"loc":{"start":{"line":314,"column":18},"end":{"line":314,"column":null}},"line":314},"20":{"name":"(anonymous_20)","decl":{"start":{"line":325,"column":30},"end":{"line":325,"column":31}},"loc":{"start":{"line":325,"column":37},"end":{"line":325,"column":null}},"line":325},"21":{"name":"(anonymous_21)","decl":{"start":{"line":338,"column":30},"end":{"line":338,"column":31}},"loc":{"start":{"line":338,"column":37},"end":{"line":338,"column":null}},"line":338},"22":{"name":"(anonymous_22)","decl":{"start":{"line":338,"column":94},"end":{"line":338,"column":99}},"loc":{"start":{"line":338,"column":99},"end":{"line":338,"column":107}},"line":338},"23":{"name":"(anonymous_23)","decl":{"start":{"line":352,"column":28},"end":{"line":352,"column":29}},"loc":{"start":{"line":352,"column":35},"end":{"line":352,"column":null}},"line":352},"24":{"name":"(anonymous_24)","decl":{"start":{"line":364,"column":26},"end":{"line":364,"column":27}},"loc":{"start":{"line":364,"column":33},"end":{"line":364,"column":null}},"line":364},"25":{"name":"(anonymous_25)","decl":{"start":{"line":378,"column":24},"end":{"line":378,"column":25}},"loc":{"start":{"line":378,"column":31},"end":{"line":378,"column":null}},"line":378},"26":{"name":"NodeCard","decl":{"start":{"line":419,"column":9},"end":{"line":419,"column":18}},"loc":{"start":{"line":435,"column":3},"end":{"line":517,"column":null}},"line":435},"27":{"name":"(anonymous_27)","decl":{"start":{"line":491,"column":19},"end":{"line":491,"column":20}},"loc":{"start":{"line":491,"column":26},"end":{"line":494,"column":null}},"line":491},"28":{"name":"(anonymous_28)","decl":{"start":{"line":505,"column":19},"end":{"line":505,"column":20}},"loc":{"start":{"line":505,"column":26},"end":{"line":508,"column":null}},"line":505},"29":{"name":"PipelineEditor","decl":{"start":{"line":520,"column":16},"end":{"line":520,"column":31}},"loc":{"start":{"line":525,"column":24},"end":{"line":882,"column":null}},"line":525},"30":{"name":"(anonymous_30)","decl":{"start":{"line":546,"column":34},"end":{"line":546,"column":39}},"loc":{"start":{"line":546,"column":39},"end":{"line":546,"column":62}},"line":546},"31":{"name":"(anonymous_31)","decl":{"start":{"line":549,"column":30},"end":{"line":549,"column":31}},"loc":{"start":{"line":549,"column":58},"end":{"line":561,"column":5}},"line":549},"32":{"name":"(anonymous_32)","decl":{"start":{"line":558,"column":13},"end":{"line":558,"column":21}},"loc":{"start":{"line":558,"column":21},"end":{"line":558,"column":39}},"line":558},"33":{"name":"(anonymous_33)","decl":{"start":{"line":564,"column":33},"end":{"line":564,"column":34}},"loc":{"start":{"line":564,"column":85},"end":{"line":568,"column":5}},"line":564},"34":{"name":"(anonymous_34)","decl":{"start":{"line":565,"column":13},"end":{"line":565,"column":21}},"loc":{"start":{"line":565,"column":21},"end":{"line":567,"column":5}},"line":565},"35":{"name":"(anonymous_35)","decl":{"start":{"line":565,"column":30},"end":{"line":565,"column":null}},"loc":{"start":{"line":566,"column":6},"end":{"line":566,"column":null}},"line":566},"36":{"name":"(anonymous_36)","decl":{"start":{"line":571,"column":33},"end":{"line":571,"column":34}},"loc":{"start":{"line":571,"column":53},"end":{"line":575,"column":5}},"line":571},"37":{"name":"(anonymous_37)","decl":{"start":{"line":572,"column":13},"end":{"line":572,"column":21}},"loc":{"start":{"line":572,"column":21},"end":{"line":572,"column":54}},"line":572},"38":{"name":"(anonymous_38)","decl":{"start":{"line":572,"column":33},"end":{"line":572,"column":38}},"loc":{"start":{"line":572,"column":38},"end":{"line":572,"column":53}},"line":572},"39":{"name":"(anonymous_39)","decl":{"start":{"line":573,"column":13},"end":{"line":573,"column":21}},"loc":{"start":{"line":573,"column":21},"end":{"line":573,"column":75}},"line":573},"40":{"name":"(anonymous_40)","decl":{"start":{"line":573,"column":33},"end":{"line":573,"column":38}},"loc":{"start":{"line":573,"column":38},"end":{"line":573,"column":74}},"line":573},"41":{"name":"(anonymous_41)","decl":{"start":{"line":578,"column":35},"end":{"line":578,"column":36}},"loc":{"start":{"line":578,"column":55},"end":{"line":581,"column":5}},"line":578},"42":{"name":"(anonymous_42)","decl":{"start":{"line":584,"column":38},"end":{"line":584,"column":39}},"loc":{"start":{"line":584,"column":56},"end":{"line":601,"column":5}},"line":584},"43":{"name":"(anonymous_43)","decl":{"start":{"line":591,"column":30},"end":{"line":591,"column":35}},"loc":{"start":{"line":591,"column":35},"end":{"line":591,"column":79}},"line":591},"44":{"name":"(anonymous_44)","decl":{"start":{"line":598,"column":15},"end":{"line":598,"column":23}},"loc":{"start":{"line":598,"column":23},"end":{"line":598,"column":41}},"line":598},"45":{"name":"(anonymous_45)","decl":{"start":{"line":604,"column":36},"end":{"line":604,"column":42}},"loc":{"start":{"line":604,"column":42},"end":{"line":606,"column":5}},"line":604},"46":{"name":"(anonymous_46)","decl":{"start":{"line":609,"column":33},"end":{"line":609,"column":34}},"loc":{"start":{"line":609,"column":53},"end":{"line":611,"column":5}},"line":609},"47":{"name":"(anonymous_47)","decl":{"start":{"line":610,"column":13},"end":{"line":610,"column":21}},"loc":{"start":{"line":610,"column":21},"end":{"line":610,"column":54}},"line":610},"48":{"name":"(anonymous_48)","decl":{"start":{"line":610,"column":33},"end":{"line":610,"column":38}},"loc":{"start":{"line":610,"column":38},"end":{"line":610,"column":53}},"line":610},"49":{"name":"(anonymous_49)","decl":{"start":{"line":614,"column":21},"end":{"line":614,"column":33}},"loc":{"start":{"line":614,"column":33},"end":{"line":641,"column":null}},"line":614},"50":{"name":"(anonymous_50)","decl":{"start":{"line":644,"column":29},"end":{"line":644,"column":30}},"loc":{"start":{"line":644,"column":49},"end":{"line":648,"column":null}},"line":644},"51":{"name":"(anonymous_51)","decl":{"start":{"line":645,"column":34},"end":{"line":645,"column":39}},"loc":{"start":{"line":645,"column":39},"end":{"line":645,"column":54}},"line":645},"52":{"name":"(anonymous_52)","decl":{"start":{"line":646,"column":34},"end":{"line":646,"column":39}},"loc":{"start":{"line":646,"column":39},"end":{"line":646,"column":56}},"line":646},"53":{"name":"(anonymous_53)","decl":{"start":{"line":651,"column":12},"end":{"line":651,"column":18}},"loc":{"start":{"line":651,"column":18},"end":{"line":663,"column":5}},"line":651},"54":{"name":"(anonymous_54)","decl":{"start":{"line":652,"column":26},"end":{"line":652,"column":27}},"loc":{"start":{"line":652,"column":48},"end":{"line":660,"column":null}},"line":652},"55":{"name":"(anonymous_55)","decl":{"start":{"line":662,"column":11},"end":{"line":662,"column":17}},"loc":{"start":{"line":662,"column":17},"end":{"line":662,"column":null}},"line":662},"56":{"name":"(anonymous_56)","decl":{"start":{"line":682,"column":26},"end":{"line":682,"column":27}},"loc":{"start":{"line":682,"column":33},"end":{"line":682,"column":null}},"line":682},"57":{"name":"(anonymous_57)","decl":{"start":{"line":689,"column":26},"end":{"line":689,"column":27}},"loc":{"start":{"line":689,"column":33},"end":{"line":689,"column":null}},"line":689},"58":{"name":"(anonymous_58)","decl":{"start":{"line":718,"column":23},"end":{"line":718,"column":29}},"loc":{"start":{"line":718,"column":29},"end":{"line":718,"column":null}},"line":718},"59":{"name":"(anonymous_59)","decl":{"start":{"line":728,"column":47},"end":{"line":728,"column":48}},"loc":{"start":{"line":729,"column":18},"end":{"line":741,"column":null}},"line":729},"60":{"name":"(anonymous_60)","decl":{"start":{"line":731,"column":29},"end":{"line":731,"column":35}},"loc":{"start":{"line":731,"column":35},"end":{"line":731,"column":null}},"line":731},"61":{"name":"(anonymous_61)","decl":{"start":{"line":770,"column":19},"end":{"line":770,"column":25}},"loc":{"start":{"line":770,"column":25},"end":{"line":774,"column":null}},"line":770},"62":{"name":"(anonymous_62)","decl":{"start":{"line":778,"column":23},"end":{"line":778,"column":24}},"loc":{"start":{"line":778,"column":33},"end":{"line":813,"column":13}},"line":778},"63":{"name":"(anonymous_63)","decl":{"start":{"line":789,"column":29},"end":{"line":789,"column":35}},"loc":{"start":{"line":789,"column":35},"end":{"line":795,"column":null}},"line":789},"64":{"name":"(anonymous_64)","decl":{"start":{"line":796,"column":36},"end":{"line":796,"column":42}},"loc":{"start":{"line":796,"column":42},"end":{"line":796,"column":null}},"line":796},"65":{"name":"(anonymous_65)","decl":{"start":{"line":797,"column":31},"end":{"line":797,"column":37}},"loc":{"start":{"line":797,"column":37},"end":{"line":797,"column":null}},"line":797},"66":{"name":"(anonymous_66)","decl":{"start":{"line":820,"column":27},"end":{"line":820,"column":33}},"loc":{"start":{"line":820,"column":33},"end":{"line":820,"column":null}},"line":820},"67":{"name":"(anonymous_67)","decl":{"start":{"line":834,"column":27},"end":{"line":834,"column":28}},"loc":{"start":{"line":834,"column":37},"end":{"line":861,"column":17}},"line":834},"68":{"name":"(anonymous_68)","decl":{"start":{"line":835,"column":46},"end":{"line":835,"column":51}},"loc":{"start":{"line":835,"column":51},"end":{"line":835,"column":69}},"line":835},"69":{"name":"(anonymous_69)","decl":{"start":{"line":836,"column":44},"end":{"line":836,"column":49}},"loc":{"start":{"line":836,"column":49},"end":{"line":836,"column":65}},"line":836},"70":{"name":"(anonymous_70)","decl":{"start":{"line":853,"column":33},"end":{"line":853,"column":39}},"loc":{"start":{"line":853,"column":39},"end":{"line":853,"column":null}},"line":853},"71":{"name":"(anonymous_71)","decl":{"start":{"line":874,"column":22},"end":{"line":874,"column":23}},"loc":{"start":{"line":874,"column":35},"end":{"line":874,"column":null}},"line":874},"72":{"name":"(anonymous_72)","decl":{"start":{"line":875,"column":22},"end":{"line":875,"column":28}},"loc":{"start":{"line":875,"column":28},"end":{"line":875,"column":null}},"line":875},"73":{"name":"(anonymous_73)","decl":{"start":{"line":876,"column":21},"end":{"line":876,"column":27}},"loc":{"start":{"line":876,"column":27},"end":{"line":876,"column":null}},"line":876}},"branchMap":{"0":{"loc":{"start":{"line":174,"column":9},"end":{"line":220,"column":null}},"type":"binary-expr","locations":[{"start":{"line":174,"column":9},"end":{"line":174,"column":null}},{"start":{"line":175,"column":10},"end":{"line":220,"column":null}}],"line":174},"1":{"loc":{"start":{"line":179,"column":23},"end":{"line":179,"column":null}},"type":"binary-expr","locations":[{"start":{"line":179,"column":23},"end":{"line":179,"column":51}},{"start":{"line":179,"column":51},"end":{"line":179,"column":null}}],"line":179},"2":{"loc":{"start":{"line":188,"column":53},"end":{"line":188,"column":90}},"type":"binary-expr","locations":[{"start":{"line":188,"column":53},"end":{"line":188,"column":81}},{"start":{"line":188,"column":81},"end":{"line":188,"column":90}}],"line":188},"3":{"loc":{"start":{"line":192,"column":13},"end":{"line":205,"column":null}},"type":"binary-expr","locations":[{"start":{"line":192,"column":13},"end":{"line":192,"column":null}},{"start":{"line":193,"column":14},"end":{"line":205,"column":null}}],"line":192},"4":{"loc":{"start":{"line":197,"column":25},"end":{"line":197,"column":null}},"type":"binary-expr","locations":[{"start":{"line":197,"column":25},"end":{"line":197,"column":45}},{"start":{"line":197,"column":45},"end":{"line":197,"column":null}}],"line":197},"5":{"loc":{"start":{"line":208,"column":13},"end":{"line":218,"column":null}},"type":"binary-expr","locations":[{"start":{"line":208,"column":13},"end":{"line":208,"column":null}},{"start":{"line":209,"column":14},"end":{"line":218,"column":null}}],"line":208},"6":{"loc":{"start":{"line":213,"column":25},"end":{"line":213,"column":null}},"type":"binary-expr","locations":[{"start":{"line":213,"column":25},"end":{"line":213,"column":46}},{"start":{"line":213,"column":46},"end":{"line":213,"column":null}}],"line":213},"7":{"loc":{"start":{"line":223,"column":9},"end":{"line":270,"column":null}},"type":"binary-expr","locations":[{"start":{"line":223,"column":9},"end":{"line":223,"column":null}},{"start":{"line":224,"column":10},"end":{"line":270,"column":null}}],"line":223},"8":{"loc":{"start":{"line":228,"column":23},"end":{"line":228,"column":null}},"type":"binary-expr","locations":[{"start":{"line":228,"column":23},"end":{"line":228,"column":47}},{"start":{"line":228,"column":47},"end":{"line":228,"column":null}}],"line":228},"9":{"loc":{"start":{"line":233,"column":18},"end":{"line":236,"column":null}},"type":"if","locations":[{"start":{"line":233,"column":18},"end":{"line":236,"column":null}},{"start":{},"end":{}}],"line":233},"10":{"loc":{"start":{"line":253,"column":23},"end":{"line":253,"column":null}},"type":"binary-expr","locations":[{"start":{"line":253,"column":23},"end":{"line":253,"column":43}},{"start":{"line":253,"column":43},"end":{"line":253,"column":null}}],"line":253},"11":{"loc":{"start":{"line":263,"column":23},"end":{"line":263,"column":null}},"type":"binary-expr","locations":[{"start":{"line":263,"column":23},"end":{"line":263,"column":50}},{"start":{"line":263,"column":50},"end":{"line":263,"column":null}}],"line":263},"12":{"loc":{"start":{"line":273,"column":9},"end":{"line":301,"column":null}},"type":"binary-expr","locations":[{"start":{"line":273,"column":9},"end":{"line":273,"column":null}},{"start":{"line":274,"column":10},"end":{"line":301,"column":null}}],"line":273},"13":{"loc":{"start":{"line":278,"column":23},"end":{"line":278,"column":null}},"type":"binary-expr","locations":[{"start":{"line":278,"column":23},"end":{"line":278,"column":53}},{"start":{"line":278,"column":53},"end":{"line":278,"column":null}}],"line":278},"14":{"loc":{"start":{"line":292,"column":23},"end":{"line":292,"column":null}},"type":"binary-expr","locations":[{"start":{"line":292,"column":23},"end":{"line":292,"column":48}},{"start":{"line":292,"column":48},"end":{"line":292,"column":null}}],"line":292},"15":{"loc":{"start":{"line":304,"column":9},"end":{"line":369,"column":null}},"type":"binary-expr","locations":[{"start":{"line":304,"column":9},"end":{"line":304,"column":null}},{"start":{"line":305,"column":10},"end":{"line":369,"column":null}}],"line":304},"16":{"loc":{"start":{"line":309,"column":23},"end":{"line":309,"column":null}},"type":"binary-expr","locations":[{"start":{"line":309,"column":23},"end":{"line":309,"column":50}},{"start":{"line":309,"column":50},"end":{"line":309,"column":null}}],"line":309},"17":{"loc":{"start":{"line":319,"column":13},"end":{"line":343,"column":null}},"type":"binary-expr","locations":[{"start":{"line":319,"column":13},"end":{"line":319,"column":null}},{"start":{"line":320,"column":14},"end":{"line":343,"column":null}}],"line":319},"18":{"loc":{"start":{"line":324,"column":27},"end":{"line":324,"column":null}},"type":"binary-expr","locations":[{"start":{"line":324,"column":27},"end":{"line":324,"column":50}},{"start":{"line":324,"column":50},"end":{"line":324,"column":null}}],"line":324},"19":{"loc":{"start":{"line":337,"column":28},"end":{"line":337,"column":58}},"type":"binary-expr","locations":[{"start":{"line":337,"column":28},"end":{"line":337,"column":54}},{"start":{"line":337,"column":54},"end":{"line":337,"column":58}}],"line":337},"20":{"loc":{"start":{"line":346,"column":13},"end":{"line":356,"column":null}},"type":"binary-expr","locations":[{"start":{"line":346,"column":13},"end":{"line":346,"column":null}},{"start":{"line":347,"column":14},"end":{"line":356,"column":null}}],"line":346},"21":{"loc":{"start":{"line":351,"column":25},"end":{"line":351,"column":null}},"type":"binary-expr","locations":[{"start":{"line":351,"column":25},"end":{"line":351,"column":52}},{"start":{"line":351,"column":52},"end":{"line":351,"column":null}}],"line":351},"22":{"loc":{"start":{"line":363,"column":23},"end":{"line":363,"column":null}},"type":"binary-expr","locations":[{"start":{"line":363,"column":23},"end":{"line":363,"column":45}},{"start":{"line":363,"column":45},"end":{"line":363,"column":null}}],"line":363},"23":{"loc":{"start":{"line":372,"column":9},"end":{"line":385,"column":null}},"type":"binary-expr","locations":[{"start":{"line":372,"column":9},"end":{"line":372,"column":null}},{"start":{"line":373,"column":10},"end":{"line":385,"column":null}}],"line":372},"24":{"loc":{"start":{"line":377,"column":21},"end":{"line":377,"column":null}},"type":"binary-expr","locations":[{"start":{"line":377,"column":21},"end":{"line":377,"column":50}},{"start":{"line":377,"column":50},"end":{"line":377,"column":null}}],"line":377},"25":{"loc":{"start":{"line":442,"column":27},"end":{"line":442,"column":105}},"type":"cond-expr","locations":[{"start":{"line":442,"column":40},"end":{"line":442,"column":88}},{"start":{"line":442,"column":88},"end":{"line":442,"column":105}}],"line":442},"26":{"loc":{"start":{"line":443,"column":10},"end":{"line":443,"column":56}},"type":"cond-expr","locations":[{"start":{"line":443,"column":23},"end":{"line":443,"column":54}},{"start":{"line":443,"column":54},"end":{"line":443,"column":56}}],"line":443},"27":{"loc":{"start":{"line":461,"column":9},"end":{"line":466,"column":null}},"type":"binary-expr","locations":[{"start":{"line":461,"column":9},"end":{"line":461,"column":36}},{"start":{"line":461,"column":36},"end":{"line":461,"column":null}},{"start":{"line":462,"column":10},"end":{"line":466,"column":null}}],"line":461},"28":{"loc":{"start":{"line":465,"column":13},"end":{"line":465,"column":null}},"type":"binary-expr","locations":[{"start":{"line":465,"column":13},"end":{"line":465,"column":33}},{"start":{"line":465,"column":33},"end":{"line":465,"column":null}}],"line":465},"29":{"loc":{"start":{"line":468,"column":9},"end":{"line":472,"column":null}},"type":"binary-expr","locations":[{"start":{"line":468,"column":9},"end":{"line":468,"column":34}},{"start":{"line":468,"column":34},"end":{"line":468,"column":null}},{"start":{"line":469,"column":10},"end":{"line":472,"column":null}}],"line":468},"30":{"loc":{"start":{"line":474,"column":9},"end":{"line":478,"column":null}},"type":"binary-expr","locations":[{"start":{"line":474,"column":9},"end":{"line":474,"column":38}},{"start":{"line":474,"column":38},"end":{"line":474,"column":null}},{"start":{"line":475,"column":10},"end":{"line":478,"column":null}}],"line":474},"31":{"loc":{"start":{"line":480,"column":9},"end":{"line":484,"column":null}},"type":"binary-expr","locations":[{"start":{"line":480,"column":9},"end":{"line":480,"column":34}},{"start":{"line":480,"column":34},"end":{"line":480,"column":null}},{"start":{"line":481,"column":10},"end":{"line":484,"column":null}}],"line":480},"32":{"loc":{"start":{"line":489,"column":7},"end":{"line":499,"column":null}},"type":"binary-expr","locations":[{"start":{"line":489,"column":7},"end":{"line":489,"column":24}},{"start":{"line":489,"column":24},"end":{"line":489,"column":null}},{"start":{"line":490,"column":8},"end":{"line":499,"column":null}}],"line":489},"33":{"loc":{"start":{"line":503,"column":7},"end":{"line":513,"column":null}},"type":"binary-expr","locations":[{"start":{"line":503,"column":7},"end":{"line":503,"column":null}},{"start":{"line":504,"column":8},"end":{"line":513,"column":null}}],"line":503},"34":{"loc":{"start":{"line":526,"column":35},"end":{"line":526,"column":67}},"type":"binary-expr","locations":[{"start":{"line":526,"column":35},"end":{"line":526,"column":53}},{"start":{"line":526,"column":53},"end":{"line":526,"column":67}}],"line":526},"35":{"loc":{"start":{"line":527,"column":49},"end":{"line":527,"column":76}},"type":"binary-expr","locations":[{"start":{"line":527,"column":49},"end":{"line":527,"column":74}},{"start":{"line":527,"column":74},"end":{"line":527,"column":76}}],"line":527},"36":{"loc":{"start":{"line":529,"column":4},"end":{"line":537,"column":null}},"type":"binary-expr","locations":[{"start":{"line":529,"column":4},"end":{"line":529,"column":23}},{"start":{"line":529,"column":23},"end":{"line":537,"column":null}}],"line":529},"37":{"loc":{"start":{"line":539,"column":53},"end":{"line":539,"column":74}},"type":"binary-expr","locations":[{"start":{"line":539,"column":53},"end":{"line":539,"column":72}},{"start":{"line":539,"column":72},"end":{"line":539,"column":74}}],"line":539},"38":{"loc":{"start":{"line":555,"column":14},"end":{"line":555,"column":null}},"type":"cond-expr","locations":[{"start":{"line":555,"column":35},"end":{"line":555,"column":64}},{"start":{"line":555,"column":64},"end":{"line":555,"column":null}}],"line":555},"39":{"loc":{"start":{"line":566,"column":6},"end":{"line":566,"column":null}},"type":"cond-expr","locations":[{"start":{"line":566,"column":24},"end":{"line":566,"column":47}},{"start":{"line":566,"column":47},"end":{"line":566,"column":null}}],"line":566},"40":{"loc":{"start":{"line":573,"column":38},"end":{"line":573,"column":74}},"type":"binary-expr","locations":[{"start":{"line":573,"column":38},"end":{"line":573,"column":59}},{"start":{"line":573,"column":59},"end":{"line":573,"column":74}}],"line":573},"41":{"loc":{"start":{"line":585,"column":4},"end":{"line":588,"column":null}},"type":"if","locations":[{"start":{"line":585,"column":4},"end":{"line":588,"column":null}},{"start":{},"end":{}}],"line":585},"42":{"loc":{"start":{"line":585,"column":8},"end":{"line":585,"column":56}},"type":"binary-expr","locations":[{"start":{"line":585,"column":8},"end":{"line":585,"column":29}},{"start":{"line":585,"column":29},"end":{"line":585,"column":56}}],"line":585},"43":{"loc":{"start":{"line":591,"column":35},"end":{"line":591,"column":79}},"type":"binary-expr","locations":[{"start":{"line":591,"column":35},"end":{"line":591,"column":66}},{"start":{"line":591,"column":66},"end":{"line":591,"column":79}}],"line":591},"44":{"loc":{"start":{"line":592,"column":4},"end":{"line":599,"column":null}},"type":"if","locations":[{"start":{"line":592,"column":4},"end":{"line":599,"column":null}},{"start":{},"end":{}}],"line":592},"45":{"loc":{"start":{"line":615,"column":4},"end":{"line":618,"column":null}},"type":"if","locations":[{"start":{"line":615,"column":4},"end":{"line":618,"column":null}},{"start":{},"end":{}}],"line":615},"46":{"loc":{"start":{"line":620,"column":4},"end":{"line":623,"column":null}},"type":"if","locations":[{"start":{"line":620,"column":4},"end":{"line":623,"column":null}},{"start":{},"end":{}}],"line":620},"47":{"loc":{"start":{"line":631,"column":21},"end":{"line":631,"column":null}},"type":"binary-expr","locations":[{"start":{"line":631,"column":21},"end":{"line":631,"column":43}},{"start":{"line":631,"column":43},"end":{"line":631,"column":null}}],"line":631},"48":{"loc":{"start":{"line":637,"column":15},"end":{"line":637,"column":77}},"type":"cond-expr","locations":[{"start":{"line":637,"column":38},"end":{"line":637,"column":52}},{"start":{"line":637,"column":52},"end":{"line":637,"column":77}}],"line":637},"49":{"loc":{"start":{"line":653,"column":6},"end":{"line":659,"column":null}},"type":"if","locations":[{"start":{"line":653,"column":6},"end":{"line":659,"column":null}},{"start":{},"end":{}}],"line":653},"50":{"loc":{"start":{"line":654,"column":8},"end":{"line":658,"column":null}},"type":"if","locations":[{"start":{"line":654,"column":8},"end":{"line":658,"column":null}},{"start":{"line":656,"column":8},"end":{"line":658,"column":null}}],"line":654},"51":{"loc":{"start":{"line":656,"column":8},"end":{"line":658,"column":null}},"type":"if","locations":[{"start":{"line":656,"column":8},"end":{"line":658,"column":null}},{"start":{},"end":{}}],"line":656},"52":{"loc":{"start":{"line":697,"column":13},"end":{"line":701,"column":null}},"type":"binary-expr","locations":[{"start":{"line":697,"column":13},"end":{"line":697,"column":null}},{"start":{"line":698,"column":14},"end":{"line":701,"column":null}}],"line":697},"53":{"loc":{"start":{"line":709,"column":15},"end":{"line":709,"column":null}},"type":"cond-expr","locations":[{"start":{"line":709,"column":24},"end":{"line":709,"column":38}},{"start":{"line":709,"column":38},"end":{"line":709,"column":null}}],"line":709},"54":{"loc":{"start":{"line":723,"column":70},"end":{"line":723,"column":101}},"type":"cond-expr","locations":[{"start":{"line":723,"column":84},"end":{"line":723,"column":99}},{"start":{"line":723,"column":99},"end":{"line":723,"column":101}}],"line":723},"55":{"loc":{"start":{"line":726,"column":13},"end":{"line":743,"column":null}},"type":"binary-expr","locations":[{"start":{"line":726,"column":13},"end":{"line":726,"column":null}},{"start":{"line":727,"column":14},"end":{"line":743,"column":null}}],"line":726},"56":{"loc":{"start":{"line":747,"column":11},"end":{"line":757,"column":null}},"type":"binary-expr","locations":[{"start":{"line":747,"column":11},"end":{"line":747,"column":null}},{"start":{"line":748,"column":12},"end":{"line":757,"column":null}}],"line":747},"57":{"loc":{"start":{"line":771,"column":12},"end":{"line":773,"column":null}},"type":"if","locations":[{"start":{"line":771,"column":12},"end":{"line":773,"column":null}},{"start":{},"end":{}}],"line":771},"58":{"loc":{"start":{"line":780,"column":34},"end":{"line":780,"column":null}},"type":"binary-expr","locations":[{"start":{"line":780,"column":34},"end":{"line":780,"column":63}},{"start":{"line":780,"column":63},"end":{"line":780,"column":null}}],"line":780},"59":{"loc":{"start":{"line":790,"column":22},"end":{"line":794,"column":null}},"type":"if","locations":[{"start":{"line":790,"column":22},"end":{"line":794,"column":null}},{"start":{"line":792,"column":29},"end":{"line":794,"column":null}}],"line":790},"60":{"loc":{"start":{"line":801,"column":19},"end":{"line":804,"column":null}},"type":"binary-expr","locations":[{"start":{"line":801,"column":19},"end":{"line":801,"column":null}},{"start":{"line":802,"column":20},"end":{"line":804,"column":null}}],"line":801},"61":{"loc":{"start":{"line":806,"column":19},"end":{"line":809,"column":null}},"type":"binary-expr","locations":[{"start":{"line":806,"column":19},"end":{"line":806,"column":null}},{"start":{"line":807,"column":20},"end":{"line":809,"column":null}}],"line":806},"62":{"loc":{"start":{"line":815,"column":13},"end":{"line":825,"column":null}},"type":"binary-expr","locations":[{"start":{"line":815,"column":13},"end":{"line":815,"column":null}},{"start":{"line":816,"column":14},"end":{"line":825,"column":null}}],"line":815},"63":{"loc":{"start":{"line":830,"column":11},"end":{"line":863,"column":null}},"type":"binary-expr","locations":[{"start":{"line":830,"column":11},"end":{"line":830,"column":null}},{"start":{"line":831,"column":12},"end":{"line":863,"column":null}}],"line":830},"64":{"loc":{"start":{"line":837,"column":18},"end":{"line":837,"column":null}},"type":"if","locations":[{"start":{"line":837,"column":18},"end":{"line":837,"column":null}},{"start":{},"end":{}}],"line":837},"65":{"loc":{"start":{"line":837,"column":22},"end":{"line":837,"column":44}},"type":"binary-expr","locations":[{"start":{"line":837,"column":22},"end":{"line":837,"column":35}},{"start":{"line":837,"column":35},"end":{"line":837,"column":44}}],"line":837},"66":{"loc":{"start":{"line":847,"column":23},"end":{"line":850,"column":null}},"type":"binary-expr","locations":[{"start":{"line":847,"column":23},"end":{"line":847,"column":null}},{"start":{"line":848,"column":24},"end":{"line":850,"column":null}}],"line":847},"67":{"loc":{"start":{"line":869,"column":7},"end":{"line":878,"column":null}},"type":"binary-expr","locations":[{"start":{"line":869,"column":7},"end":{"line":869,"column":null}},{"start":{"line":870,"column":8},"end":{"line":878,"column":null}}],"line":869}},"s":{"0":2,"1":2,"2":2,"3":14,"4":1,"5":1,"6":1,"7":1,"8":0,"9":0,"10":1,"11":0,"12":0,"13":1,"14":0,"15":0,"16":0,"17":0,"18":0,"19":0,"20":0,"21":0,"22":0,"23":0,"24":0,"25":0,"26":0,"27":2,"28":0,"29":0,"30":0,"31":0,"32":0,"33":0,"34":0,"35":0,"36":0,"37":0,"38":0,"39":0,"40":24,"41":24,"42":0,"43":0,"44":0,"45":0,"46":18,"47":18,"48":18,"49":18,"50":18,"51":18,"52":18,"53":18,"54":18,"55":18,"56":24,"57":18,"58":1,"59":1,"60":1,"61":1,"62":1,"63":1,"64":18,"65":0,"66":0,"67":0,"68":18,"69":0,"70":0,"71":0,"72":0,"73":0,"74":0,"75":0,"76":18,"77":0,"78":0,"79":18,"80":0,"81":0,"82":0,"83":0,"84":0,"85":0,"86":0,"87":0,"88":0,"89":0,"90":18,"91":0,"92":18,"93":0,"94":0,"95":0,"96":18,"97":1,"98":0,"99":0,"100":1,"101":0,"102":0,"103":1,"104":1,"105":1,"106":1,"107":1,"108":0,"109":1,"110":18,"111":24,"112":10,"113":24,"114":10,"115":24,"116":18,"117":13,"118":0,"119":0,"120":0,"121":0,"122":0,"123":13,"124":13,"125":13,"126":18,"127":1,"128":0,"129":2,"130":12,"131":1,"132":0,"133":0,"134":24,"135":24,"136":24,"137":0,"138":0,"139":0,"140":0,"141":0,"142":0,"143":5,"144":5,"145":5,"146":10,"147":5,"148":0,"149":5,"150":0,"151":0,"152":0,"153":0},"f":{"0":14,"1":1,"2":0,"3":0,"4":0,"5":0,"6":0,"7":0,"8":0,"9":0,"10":0,"11":0,"12":0,"13":2,"14":0,"15":0,"16":0,"17":0,"18":0,"19":0,"20":0,"21":0,"22":0,"23":0,"24":0,"25":0,"26":24,"27":0,"28":0,"29":18,"30":24,"31":1,"32":1,"33":0,"34":0,"35":0,"36":0,"37":0,"38":0,"39":0,"40":0,"41":0,"42":0,"43":0,"44":0,"45":0,"46":0,"47":0,"48":0,"49":1,"50":24,"51":10,"52":10,"53":13,"54":0,"55":13,"56":1,"57":0,"58":2,"59":12,"60":1,"61":0,"62":24,"63":0,"64":0,"65":0,"66":0,"67":5,"68":5,"69":10,"70":0,"71":0,"72":0,"73":0},"b":{"0":[1,0],"1":[0,0],"2":[0,0],"3":[0,0],"4":[0,0],"5":[0,0],"6":[0,0],"7":[1,1],"8":[1,1],"9":[0,0],"10":[1,1],"11":[1,1],"12":[1,0],"13":[0,0],"14":[0,0],"15":[1,0],"16":[0,0],"17":[0,0],"18":[0,0],"19":[0,0],"20":[0,0],"21":[0,0],"22":[0,0],"23":[1,0],"24":[0,0],"25":[1,23],"26":[0,24],"27":[24,18,18],"28":[18,0],"29":[24,6,5],"30":[24,0,0],"31":[24,0,0],"32":[24,24,24],"33":[24,0],"34":[18,13],"35":[18,13],"36":[18,13],"37":[18,13],"38":[0,1],"39":[0,0],"40":[0,0],"41":[0,0],"42":[0,0],"43":[0,0],"44":[0,0],"45":[0,1],"46":[0,1],"47":[1,0],"48":[0,0],"49":[0,0],"50":[0,0],"51":[0,0],"52":[18,0],"53":[1,17],"54":[2,16],"55":[18,2],"56":[18,0],"57":[0,0],"58":[24,0],"59":[0,0],"60":[24,5],"61":[24,5],"62":[18,0],"63":[18,5],"64":[0,5],"65":[5,5],"66":[5,0],"67":[18,1]},"meta":{"lastBranch":68,"lastFunction":74,"lastStatement":154,"seen":{"s:47:5:96:Infinity":0,"s:99:21:104:Infinity":1,"s:107:20:112:Infinity":2,"f:115:9:115:34":0,"s:116:2:116:Infinity":3,"f:120:9:120:25":1,"s:133:21:133:Infinity":4,"s:134:32:134:Infinity":5,"s:135:36:135:Infinity":6,"s:137:21:140:Infinity":7,"f:137:21:137:27":2,"s:138:4:138:Infinity":8,"s:139:4:139:Infinity":9,"s:142:23:144:Infinity":10,"f:142:23:142:24":3,"s:143:4:143:Infinity":11,"f:143:19:143:28":4,"s:143:28:143:54":12,"s:146:2:414:Infinity":13,"f:167:22:167:23":5,"s:167:29:167:Infinity":14,"b:174:9:174:Infinity:175:10:220:Infinity":0,"b:179:23:179:51:179:51:179:Infinity":1,"f:180:26:180:27":6,"s:180:33:180:Infinity":15,"f:183:34:183:Infinity":7,"s:184:18:184:Infinity":16,"f:188:35:188:40":8,"s:188:40:188:90":17,"b:188:53:188:81:188:81:188:90":2,"b:192:13:192:Infinity:193:14:205:Infinity":3,"b:197:25:197:45:197:45:197:Infinity":4,"f:198:28:198:29":9,"s:198:35:198:Infinity":18,"b:208:13:208:Infinity:209:14:218:Infinity":5,"b:213:25:213:46:213:46:213:Infinity":6,"f:214:28:214:29":10,"s:214:35:214:Infinity":19,"b:223:9:223:Infinity:224:10:270:Infinity":7,"b:228:23:228:47:228:47:228:Infinity":8,"f:229:26:229:27":11,"s:230:34:230:Infinity":20,"s:231:32:231:Infinity":21,"f:231:44:231:49":12,"s:231:49:231:65":22,"s:232:18:232:Infinity":23,"b:233:18:236:Infinity:undefined:undefined:undefined:undefined":9,"s:233:18:236:Infinity":24,"s:234:20:234:Infinity":25,"s:235:20:235:Infinity":26,"f:241:28:241:Infinity":13,"s:242:18:244:Infinity":27,"b:253:23:253:43:253:43:253:Infinity":10,"f:254:26:254:27":14,"s:254:33:254:Infinity":28,"b:263:23:263:50:263:50:263:Infinity":11,"f:264:26:264:27":15,"s:264:33:264:Infinity":29,"b:273:9:273:Infinity:274:10:301:Infinity":12,"b:278:23:278:53:278:53:278:Infinity":13,"f:279:26:279:27":16,"s:279:33:279:Infinity":30,"b:292:23:292:48:292:48:292:Infinity":14,"f:293:26:293:27":17,"s:293:33:293:Infinity":31,"b:304:9:304:Infinity:305:10:369:Infinity":15,"b:309:23:309:50:309:50:309:Infinity":16,"f:310:26:310:27":18,"s:310:33:310:Infinity":32,"f:313:33:313:Infinity":19,"s:314:18:314:Infinity":33,"b:319:13:319:Infinity:320:14:343:Infinity":17,"b:324:27:324:50:324:50:324:Infinity":18,"f:325:30:325:31":20,"s:325:37:325:Infinity":34,"b:337:28:337:54:337:54:337:58":19,"f:338:30:338:31":21,"s:338:37:338:Infinity":35,"f:338:94:338:99":22,"s:338:99:338:107":36,"b:346:13:346:Infinity:347:14:356:Infinity":20,"b:351:25:351:52:351:52:351:Infinity":21,"f:352:28:352:29":23,"s:352:35:352:Infinity":37,"b:363:23:363:45:363:45:363:Infinity":22,"f:364:26:364:27":24,"s:364:33:364:Infinity":38,"b:372:9:372:Infinity:373:10:385:Infinity":23,"b:377:21:377:50:377:50:377:Infinity":24,"f:378:24:378:25":25,"s:378:31:378:Infinity":39,"f:419:9:419:18":26,"s:436:21:436:Infinity":40,"s:438:2:515:Infinity":41,"b:442:40:442:88:442:88:442:105":25,"b:443:23:443:54:443:54:443:56":26,"b:461:9:461:36:461:36:461:Infinity:462:10:466:Infinity":27,"b:465:13:465:33:465:33:465:Infinity":28,"b:468:9:468:34:468:34:468:Infinity:469:10:472:Infinity":29,"b:474:9:474:38:474:38:474:Infinity:475:10:478:Infinity":30,"b:480:9:480:34:480:34:480:Infinity:481:10:484:Infinity":31,"b:489:7:489:24:489:24:489:Infinity:490:8:499:Infinity":32,"f:491:19:491:20":27,"s:492:12:492:Infinity":42,"s:493:12:493:Infinity":43,"b:503:7:503:Infinity:504:8:513:Infinity":33,"f:505:19:505:20":28,"s:506:12:506:Infinity":44,"s:507:12:507:Infinity":45,"f:520:16:520:31":29,"s:526:22:526:Infinity":46,"b:526:35:526:53:526:53:526:67":34,"s:527:36:527:Infinity":47,"b:527:49:527:74:527:74:527:76":35,"s:528:24:538:Infinity":48,"b:529:4:529:23:529:23:537:Infinity":36,"s:539:24:539:Infinity":49,"b:539:53:539:72:539:72:539:74":37,"s:540:42:540:Infinity":50,"s:541:46:541:Infinity":51,"s:542:26:542:Infinity":52,"s:543:24:543:Infinity":53,"s:544:36:544:Infinity":54,"s:546:23:546:Infinity":55,"f:546:34:546:39":30,"s:546:39:546:62":56,"s:549:8:561:Infinity":57,"f:549:30:549:31":31,"s:550:23:550:Infinity":58,"s:551:34:557:Infinity":59,"b:555:35:555:64:555:64:555:Infinity":38,"s:558:4:558:Infinity":60,"f:558:13:558:21":32,"s:558:21:558:39":61,"s:559:4:559:Infinity":62,"s:560:4:560:Infinity":63,"s:564:8:568:Infinity":64,"f:564:33:564:34":33,"s:565:4:567:Infinity":65,"f:565:13:565:21":34,"s:565:21:567:5":66,"f:565:30:565:Infinity":35,"s:566:6:566:Infinity":67,"b:566:24:566:47:566:47:566:Infinity":39,"s:571:8:575:Infinity":68,"f:571:33:571:34":36,"s:572:4:572:Infinity":69,"f:572:13:572:21":37,"s:572:21:572:54":70,"f:572:33:572:38":38,"s:572:38:572:53":71,"s:573:4:573:Infinity":72,"f:573:13:573:21":39,"s:573:21:573:75":73,"f:573:33:573:38":40,"s:573:38:573:74":74,"b:573:38:573:59:573:59:573:74":40,"s:574:4:574:Infinity":75,"s:578:8:581:Infinity":76,"f:578:35:578:36":41,"s:579:4:579:Infinity":77,"s:580:4:580:Infinity":78,"s:584:8:601:Infinity":79,"f:584:38:584:39":42,"b:585:4:588:Infinity:undefined:undefined:undefined:undefined":41,"s:585:4:588:Infinity":80,"b:585:8:585:29:585:29:585:56":42,"s:586:6:586:Infinity":81,"s:587:6:587:Infinity":82,"s:591:19:591:Infinity":83,"f:591:30:591:35":43,"s:591:35:591:79":84,"b:591:35:591:66:591:66:591:79":43,"b:592:4:599:Infinity:undefined:undefined:undefined:undefined":44,"s:592:4:599:Infinity":85,"s:593:36:597:Infinity":86,"s:598:6:598:Infinity":87,"f:598:15:598:23":44,"s:598:23:598:41":88,"s:600:4:600:Infinity":89,"s:604:8:606:Infinity":90,"f:604:36:604:42":45,"s:605:4:605:Infinity":91,"s:609:8:611:Infinity":92,"f:609:33:609:34":46,"s:610:4:610:Infinity":93,"f:610:13:610:21":47,"s:610:21:610:54":94,"f:610:33:610:38":48,"s:610:38:610:53":95,"s:614:21:641:Infinity":96,"f:614:21:614:33":49,"b:615:4:618:Infinity:undefined:undefined:undefined:undefined":45,"s:615:4:618:Infinity":97,"s:616:6:616:Infinity":98,"s:617:6:617:Infinity":99,"b:620:4:623:Infinity:undefined:undefined:undefined:undefined":46,"s:620:4:623:Infinity":100,"s:621:6:621:Infinity":101,"s:622:6:622:Infinity":102,"s:625:4:625:Infinity":103,"s:626:4:626:Infinity":104,"s:628:4:640:Infinity":105,"s:629:6:634:Infinity":106,"b:631:21:631:43:631:43:631:Infinity":47,"s:635:6:635:Infinity":107,"s:637:6:637:Infinity":108,"b:637:38:637:52:637:52:637:77":48,"s:639:6:639:Infinity":109,"s:644:29:648:Infinity":110,"f:644:29:644:30":50,"s:645:21:645:Infinity":111,"f:645:34:645:39":51,"s:645:39:645:54":112,"s:646:21:646:Infinity":113,"f:646:34:646:39":52,"s:646:39:646:56":114,"s:647:4:647:Infinity":115,"s:651:2:663:Infinity":116,"f:651:12:651:18":53,"s:652:26:660:Infinity":117,"f:652:26:652:27":54,"b:653:6:659:Infinity:undefined:undefined:undefined:undefined":49,"s:653:6:659:Infinity":118,"b:654:8:658:Infinity:656:8:658:Infinity":50,"s:654:8:658:Infinity":119,"s:655:10:655:Infinity":120,"b:656:8:658:Infinity:undefined:undefined:undefined:undefined":51,"s:656:8:658:Infinity":121,"s:657:10:657:Infinity":122,"s:661:4:661:Infinity":123,"s:662:4:662:Infinity":124,"f:662:11:662:17":55,"s:662:17:662:Infinity":125,"s:665:2:880:Infinity":126,"f:682:26:682:27":56,"s:682:33:682:Infinity":127,"f:689:26:689:27":57,"s:689:33:689:Infinity":128,"b:697:13:697:Infinity:698:14:701:Infinity":52,"b:709:24:709:38:709:38:709:Infinity":53,"f:718:23:718:29":58,"s:718:29:718:Infinity":129,"b:723:84:723:99:723:99:723:101":54,"b:726:13:726:Infinity:727:14:743:Infinity":55,"f:728:47:728:48":59,"s:729:18:741:Infinity":130,"f:731:29:731:35":60,"s:731:35:731:Infinity":131,"b:747:11:747:Infinity:748:12:757:Infinity":56,"f:770:19:770:25":61,"b:771:12:773:Infinity:undefined:undefined:undefined:undefined":57,"s:771:12:773:Infinity":132,"s:772:14:772:Infinity":133,"f:778:23:778:24":62,"s:779:34:779:Infinity":134,"s:780:34:780:Infinity":135,"b:780:34:780:63:780:63:780:Infinity":58,"s:782:14:811:Infinity":136,"f:789:29:789:35":63,"b:790:22:794:Infinity:792:29:794:Infinity":59,"s:790:22:794:Infinity":137,"s:791:24:791:Infinity":138,"s:793:24:793:Infinity":139,"f:796:36:796:42":64,"s:796:42:796:Infinity":140,"f:797:31:797:37":65,"s:797:37:797:Infinity":141,"b:801:19:801:Infinity:802:20:804:Infinity":60,"b:806:19:806:Infinity:807:20:809:Infinity":61,"b:815:13:815:Infinity:816:14:825:Infinity":62,"f:820:27:820:33":66,"s:820:33:820:Infinity":142,"b:830:11:830:Infinity:831:12:863:Infinity":63,"f:834:27:834:28":67,"s:835:35:835:Infinity":143,"f:835:46:835:51":68,"s:835:51:835:69":144,"s:836:33:836:Infinity":145,"f:836:44:836:49":69,"s:836:49:836:65":146,"b:837:18:837:Infinity:undefined:undefined:undefined:undefined":64,"s:837:18:837:Infinity":147,"b:837:22:837:35:837:35:837:44":65,"s:837:44:837:Infinity":148,"s:839:18:859:Infinity":149,"b:847:23:847:Infinity:848:24:850:Infinity":66,"f:853:33:853:39":70,"s:853:39:853:Infinity":150,"b:869:7:869:Infinity:870:8:878:Infinity":67,"f:874:22:874:23":71,"s:874:35:874:Infinity":151,"f:875:22:875:28":72,"s:875:28:875:Infinity":152,"f:876:21:876:27":73,"s:876:27:876:Infinity":153}}}
,"/home/loc/workspace/gathering/dashboard/src/components/Toast.tsx": {"path":"/home/loc/workspace/gathering/dashboard/src/components/Toast.tsx","statementMap":{"0":{"start":{"line":29,"column":6},"end":{"line":29,"column":null}},"1":{"start":{"line":32,"column":8},"end":{"line":32,"column":null}},"2":{"start":{"line":33,"column":2},"end":{"line":35,"column":null}},"3":{"start":{"line":34,"column":4},"end":{"line":34,"column":null}},"4":{"start":{"line":36,"column":2},"end":{"line":36,"column":null}},"5":{"start":{"line":39,"column":55},"end":{"line":45,"column":null}},"6":{"start":{"line":47,"column":47},"end":{"line":53,"column":null}},"7":{"start":{"line":56,"column":32},"end":{"line":56,"column":null}},"8":{"start":{"line":58,"column":2},"end":{"line":66,"column":null}},"9":{"start":{"line":59,"column":4},"end":{"line":65,"column":null}},"10":{"start":{"line":60,"column":20},"end":{"line":63,"column":null}},"11":{"start":{"line":61,"column":8},"end":{"line":61,"column":null}},"12":{"start":{"line":62,"column":8},"end":{"line":62,"column":null}},"13":{"start":{"line":64,"column":6},"end":{"line":64,"column":null}},"14":{"start":{"line":64,"column":19},"end":{"line":64,"column":null}},"15":{"start":{"line":68,"column":24},"end":{"line":71,"column":null}},"16":{"start":{"line":69,"column":4},"end":{"line":69,"column":null}},"17":{"start":{"line":70,"column":4},"end":{"line":70,"column":null}},"18":{"start":{"line":73,"column":2},"end":{"line":99,"column":null}},"19":{"start":{"line":104,"column":2},"end":{"line":104,"column":null}},"20":{"start":{"line":104,"column":27},"end":{"line":104,"column":null}},"21":{"start":{"line":106,"column":2},"end":{"line":115,"column":null}},"22":{"start":{"line":109,"column":8},"end":{"line":113,"column":null}},"23":{"start":{"line":112,"column":27},"end":{"line":112,"column":null}},"24":{"start":{"line":120,"column":26},"end":{"line":120,"column":null}},"25":{"start":{"line":122,"column":8},"end":{"line":132,"column":null}},"26":{"start":{"line":123,"column":15},"end":{"line":123,"column":null}},"27":{"start":{"line":124,"column":28},"end":{"line":129,"column":null}},"28":{"start":{"line":130,"column":4},"end":{"line":130,"column":null}},"29":{"start":{"line":130,"column":24},"end":{"line":130,"column":43}},"30":{"start":{"line":131,"column":4},"end":{"line":131,"column":null}},"31":{"start":{"line":134,"column":8},"end":{"line":136,"column":null}},"32":{"start":{"line":135,"column":4},"end":{"line":135,"column":null}},"33":{"start":{"line":135,"column":24},"end":{"line":135,"column":55}},"34":{"start":{"line":135,"column":43},"end":{"line":135,"column":54}},"35":{"start":{"line":138,"column":8},"end":{"line":142,"column":null}},"36":{"start":{"line":139,"column":4},"end":{"line":141,"column":null}},"37":{"start":{"line":140,"column":6},"end":{"line":140,"column":null}},"38":{"start":{"line":140,"column":23},"end":{"line":140,"column":62}},"39":{"start":{"line":144,"column":8},"end":{"line":146,"column":null}},"40":{"start":{"line":145,"column":4},"end":{"line":145,"column":null}},"41":{"start":{"line":148,"column":8},"end":{"line":150,"column":null}},"42":{"start":{"line":149,"column":4},"end":{"line":149,"column":null}},"43":{"start":{"line":152,"column":8},"end":{"line":154,"column":null}},"44":{"start":{"line":153,"column":4},"end":{"line":153,"column":null}},"45":{"start":{"line":156,"column":8},"end":{"line":158,"column":null}},"46":{"start":{"line":157,"column":4},"end":{"line":157,"column":null}},"47":{"start":{"line":160,"column":8},"end":{"line":162,"column":null}},"48":{"start":{"line":161,"column":4},"end":{"line":161,"column":null}},"49":{"start":{"line":164,"column":2},"end":{"line":170,"column":null}}},"fnMap":{"0":{"name":"useToast","decl":{"start":{"line":31,"column":16},"end":{"line":31,"column":27}},"loc":{"start":{"line":31,"column":27},"end":{"line":37,"column":null}},"line":31},"1":{"name":"ToastItem","decl":{"start":{"line":55,"column":9},"end":{"line":55,"column":19}},"loc":{"start":{"line":55,"column":82},"end":{"line":101,"column":null}},"line":55},"2":{"name":"(anonymous_2)","decl":{"start":{"line":58,"column":12},"end":{"line":58,"column":18}},"loc":{"start":{"line":58,"column":18},"end":{"line":66,"column":5}},"line":58},"3":{"name":"(anonymous_3)","decl":{"start":{"line":60,"column":31},"end":{"line":60,"column":37}},"loc":{"start":{"line":60,"column":37},"end":{"line":63,"column":9}},"line":60},"4":{"name":"(anonymous_4)","decl":{"start":{"line":64,"column":13},"end":{"line":64,"column":19}},"loc":{"start":{"line":64,"column":19},"end":{"line":64,"column":null}},"line":64},"5":{"name":"(anonymous_5)","decl":{"start":{"line":68,"column":24},"end":{"line":68,"column":30}},"loc":{"start":{"line":68,"column":30},"end":{"line":71,"column":null}},"line":68},"6":{"name":"ToastContainer","decl":{"start":{"line":103,"column":16},"end":{"line":103,"column":31}},"loc":{"start":{"line":103,"column":108},"end":{"line":117,"column":null}},"line":103},"7":{"name":"(anonymous_7)","decl":{"start":{"line":108,"column":18},"end":{"line":108,"column":19}},"loc":{"start":{"line":109,"column":8},"end":{"line":113,"column":null}},"line":109},"8":{"name":"(anonymous_8)","decl":{"start":{"line":112,"column":21},"end":{"line":112,"column":27}},"loc":{"start":{"line":112,"column":27},"end":{"line":112,"column":null}},"line":112},"9":{"name":"ToastProvider","decl":{"start":{"line":119,"column":16},"end":{"line":119,"column":30}},"loc":{"start":{"line":119,"column":75},"end":{"line":172,"column":null}},"line":119},"10":{"name":"(anonymous_10)","decl":{"start":{"line":122,"column":31},"end":{"line":122,"column":32}},"loc":{"start":{"line":122,"column":69},"end":{"line":132,"column":5}},"line":122},"11":{"name":"(anonymous_11)","decl":{"start":{"line":130,"column":14},"end":{"line":130,"column":15}},"loc":{"start":{"line":130,"column":24},"end":{"line":130,"column":43}},"line":130},"12":{"name":"(anonymous_12)","decl":{"start":{"line":134,"column":34},"end":{"line":134,"column":35}},"loc":{"start":{"line":134,"column":50},"end":{"line":136,"column":5}},"line":134},"13":{"name":"(anonymous_13)","decl":{"start":{"line":135,"column":14},"end":{"line":135,"column":15}},"loc":{"start":{"line":135,"column":24},"end":{"line":135,"column":55}},"line":135},"14":{"name":"(anonymous_14)","decl":{"start":{"line":135,"column":36},"end":{"line":135,"column":37}},"loc":{"start":{"line":135,"column":43},"end":{"line":135,"column":54}},"line":135},"15":{"name":"(anonymous_15)","decl":{"start":{"line":138,"column":34},"end":{"line":138,"column":35}},"loc":{"start":{"line":138,"column":87},"end":{"line":142,"column":5}},"line":138},"16":{"name":"(anonymous_16)","decl":{"start":{"line":139,"column":14},"end":{"line":139,"column":15}},"loc":{"start":{"line":140,"column":6},"end":{"line":140,"column":null}},"line":140},"17":{"name":"(anonymous_17)","decl":{"start":{"line":140,"column":15},"end":{"line":140,"column":16}},"loc":{"start":{"line":140,"column":23},"end":{"line":140,"column":62}},"line":140},"18":{"name":"(anonymous_18)","decl":{"start":{"line":144,"column":30},"end":{"line":144,"column":31}},"loc":{"start":{"line":144,"column":67},"end":{"line":146,"column":5}},"line":144},"19":{"name":"(anonymous_19)","decl":{"start":{"line":148,"column":28},"end":{"line":148,"column":29}},"loc":{"start":{"line":148,"column":65},"end":{"line":150,"column":5}},"line":148},"20":{"name":"(anonymous_20)","decl":{"start":{"line":152,"column":30},"end":{"line":152,"column":31}},"loc":{"start":{"line":152,"column":67},"end":{"line":154,"column":5}},"line":152},"21":{"name":"(anonymous_21)","decl":{"start":{"line":156
[...]
":{"line":408,"column":4},"end":{"line":408,"column":null}},{"start":{},"end":{}}],"line":408},"16":{"loc":{"start":{"line":409,"column":4},"end":{"line":409,"column":null}},"type":"if","locations":[{"start":{"line":409,"column":4},"end":{"line":409,"column":null}},{"start":{},"end":{}}],"line":409},"17":{"loc":{"start":{"line":412,"column":26},"end":{"line":412,"column":50}},"type":"cond-expr","locations":[{"start":{"line":412,"column":34},"end":{"line":412,"column":48}},{"start":{"line":412,"column":48},"end":{"line":412,"column":50}}],"line":412},"18":{"loc":{"start":{"line":439,"column":25},"end":{"line":439,"column":38}},"type":"default-arg","locations":[{"start":{"line":439,"column":33},"end":{"line":439,"column":38}}],"line":439},"19":{"loc":{"start":{"line":439,"column":38},"end":{"line":439,"column":null}},"type":"default-arg","locations":[{"start":{"line":439,"column":47},"end":{"line":439,"column":null}}],"line":439},"20":{"loc":{"start":{"line":452,"column":4},"end":{"line":452,"column":null}},"type":"if","locations":[{"start":{"line":452,"column":4},"end":{"line":452,"column":null}},{"start":{},"end":{}}],"line":452},"21":{"loc":{"start":{"line":453,"column":4},"end":{"line":453,"column":null}},"type":"if","locations":[{"start":{"line":453,"column":4},"end":{"line":453,"column":null}},{"start":{},"end":{}}],"line":453},"22":{"loc":{"start":{"line":455,"column":59},"end":{"line":455,"column":83}},"type":"cond-expr","locations":[{"start":{"line":455,"column":67},"end":{"line":455,"column":81}},{"start":{"line":455,"column":81},"end":{"line":455,"column":83}}],"line":455},"23":{"loc":{"start":{"line":490,"column":24},"end":{"line":490,"column":36}},"type":"default-arg","locations":[{"start":{"line":490,"column":32},"end":{"line":490,"column":36}}],"line":490},"24":{"loc":{"start":{"line":490,"column":36},"end":{"line":490,"column":null}},"type":"default-arg","locations":[{"start":{"line":490,"column":45},"end":{"line":490,"column":null}}],"line":490},"25":{"loc":{"start":{"line":498,"column":30},"end":{"line":498,"column":48}},"type":"default-arg","locations":[{"start":{"line":498,"column":41},"end":{"line":498,"column":48}}],"line":498},"26":{"loc":{"start":{"line":500,"column":4},"end":{"line":500,"column":null}},"type":"if","locations":[{"start":{"line":500,"column":4},"end":{"line":500,"column":null}},{"start":{},"end":{}}],"line":500},"27":{"loc":{"start":{"line":501,"column":4},"end":{"line":501,"column":null}},"type":"if","locations":[{"start":{"line":501,"column":4},"end":{"line":501,"column":null}},{"start":{},"end":{}}],"line":501},"28":{"loc":{"start":{"line":502,"column":4},"end":{"line":502,"column":null}},"type":"if","locations":[{"start":{"line":502,"column":4},"end":{"line":502,"column":null}},{"start":{},"end":{}}],"line":502},"29":{"loc":{"start":{"line":503,"column":4},"end":{"line":503,"column":null}},"type":"if","locations":[{"start":{"line":503,"column":4},"end":{"line":503,"column":null}},{"start":{},"end":{}}],"line":503},"30":{"loc":{"start":{"line":506,"column":15},"end":{"line":506,"column":39}},"type":"cond-expr","locations":[{"start":{"line":506,"column":23},"end":{"line":506,"column":37}},{"start":{"line":506,"column":37},"end":{"line":506,"column":39}}],"line":506},"31":{"loc":{"start":{"line":532,"column":42},"end":{"line":532,"column":117}},"type":"cond-expr","locations":[{"start":{"line":532,"column":58},"end":{"line":532,"column":115}},{"start":{"line":532,"column":115},"end":{"line":532,"column":117}}],"line":532},"32":{"loc":{"start":{"line":538,"column":4},"end":{"line":538,"column":null}},"type":"if","locations":[{"start":{"line":538,"column":4},"end":{"line":538,"column":null}},{"start":{},"end":{}}],"line":538},"33":{"loc":{"start":{"line":543,"column":39},"end":{"line":543,"column":92}},"type":"cond-expr","locations":[{"start":{"line":543,"column":48},"end":{"line":543,"column":90}},{"start":{"line":543,"column":90},"end":{"line":543,"column":92}}],"line":543},"34":{"loc":{"start":{"line":552,"column":4},"end":{"line":552,"column":null}},"type":"if","locations":[{"start":{"line":552,"column":4},"end":{"line":552,"column":null}},{"start":{},"end":{}}],"line":552},"35":{"loc":{"start":{"line":557,"column":26},"end":{"line":557,"column":null}},"type":"default-arg","locations":[{"start":{"line":557,"column":40},"end":{"line":557,"column":null}}],"line":557},"36":{"loc":{"start":{"line":573,"column":51},"end":{"line":573,"column":null}},"type":"default-arg","locations":[{"start":{"line":573,"column":68},"end":{"line":573,"column":null}}],"line":573},"37":{"loc":{"start":{"line":592,"column":30},"end":{"line":592,"column":42}},"type":"default-arg","locations":[{"start":{"line":592,"column":38},"end":{"line":592,"column":42}}],"line":592},"38":{"loc":{"start":{"line":592,"column":42},"end":{"line":592,"column":null}},"type":"default-arg","locations":[{"start":{"line":592,"column":51},"end":{"line":592,"column":null}}],"line":592},"39":{"loc":{"start":{"line":623,"column":19},"end":{"line":623,"column":null}},"type":"cond-expr","locations":[{"start":{"line":623,"column":28},"end":{"line":623,"column":50}},{"start":{"line":623,"column":50},"end":{"line":623,"column":null}}],"line":623},"40":{"loc":{"start":{"line":651,"column":33},"end":{"line":651,"column":56}},"type":"default-arg","locations":[{"start":{"line":651,"column":46},"end":{"line":651,"column":56}}],"line":651},"41":{"loc":{"start":{"line":653,"column":4},"end":{"line":653,"column":null}},"type":"if","locations":[{"start":{"line":653,"column":4},"end":{"line":653,"column":null}},{"start":{},"end":{}}],"line":653},"42":{"loc":{"start":{"line":654,"column":4},"end":{"line":654,"column":null}},"type":"if","locations":[{"start":{"line":654,"column":4},"end":{"line":654,"column":null}},{"start":{},"end":{}}],"line":654},"43":{"loc":{"start":{"line":656,"column":68},"end":{"line":656,"column":92}},"type":"cond-expr","locations":[{"start":{"line":656,"column":76},"end":{"line":656,"column":90}},{"start":{"line":656,"column":90},"end":{"line":656,"column":92}}],"line":656},"44":{"loc":{"start":{"line":660,"column":52},"end":{"line":660,"column":null}},"type":"default-arg","locations":[{"start":{"line":660,"column":64},"end":{"line":660,"column":null}}],"line":660},"45":{"loc":{"start":{"line":681,"column":19},"end":{"line":681,"column":null}},"type":"cond-expr","locations":[{"start":{"line":681,"column":28},"end":{"line":681,"column":50}},{"start":{"line":681,"column":50},"end":{"line":681,"column":null}}],"line":681},"46":{"loc":{"start":{"line":711,"column":52},"end":{"line":711,"column":64}},"type":"default-arg","locations":[{"start":{"line":711,"column":60},"end":{"line":711,"column":64}}],"line":711},"47":{"loc":{"start":{"line":711,"column":64},"end":{"line":711,"column":79}},"type":"default-arg","locations":[{"start":{"line":711,"column":73},"end":{"line":711,"column":79}}],"line":711},"48":{"loc":{"start":{"line":713,"column":4},"end":{"line":713,"column":null}},"type":"if","locations":[{"start":{"line":713,"column":4},"end":{"line":713,"column":null}},{"start":{},"end":{}}],"line":713}},"s":{"0":1,"1":37,"2":36,"3":2,"4":1,"5":2,"6":34,"7":2,"8":32,"9":1,"10":3,"11":1,"12":1,"13":2,"14":0,"15":0,"16":1,"17":1,"18":0,"19":0,"20":0,"21":0,"22":1,"23":1,"24":0,"25":1,"26":0,"27":1,"28":0,"29":0,"30":0,"31":0,"32":0,"33":0,"34":0,"35":0,"36":0,"37":0,"38":0,"39":0,"40":0,"41":0,"42":0,"43":0,"44":0,"45":0,"46":0,"47":1,"48":1,"49":0,"50":1,"51":1,"52":0,"53":0,"54":0,"55":0,"56":0,"57":0,"58":0,"59":1,"60":1,"61":1,"62":0,"63":0,"64":0,"65":0,"66":0,"67":0,"68":1,"69":0,"70":0,"71":0,"72":0,"73":1,"74":0,"75":0,"76":0,"77":0,"78":0,"79":0,"80":0,"81":0,"82":0,"83":0,"84":0,"85":1,"86":0,"87":0,"88":0,"89":0,"90":0,"91":1,"92":1,"93":1,"94":0,"95":1,"96":0,"97":1,"98":1,"99":0,"100":1,"101":0,"102":0,"103":0,"104":0,"105":0,"106":1,"107":0,"108":0,"109":0,"110":0,"111":0,"112":0,"113":0,"114":0,"115":0,"116":0,"117":0,"118":0,"119":0,"120":0,"121":0,"122":1,"123":1,"124":1,"125":0,"126":1,"127":0,"128":1,"129":0,"130":1,"131":0,"132":1,"133":1,"134":0,"135":1,"136":0,"137":0,"138":0,"139":0,"140":0,"141":0,"142":0,"143":0,"144":0,"145":0,"146":1,"147":1,"148":1,"149":1,"150":0,"151":0,"152":0,"153":0,"154":0,"155":0,"156":0,"157":0,"158":1,"159":1,"160":0,"161":0,"162":1,"163":1,"164":1,"165":1,"166":0,"167":1,"168":0,"169":0,"170":0,"171":0,"172":1,"173":1,"174":1,"175":1,"176":0,"177":1,"178":1,"179":0,"180":0,"181":0,"182":1,"183":2,"184":2,"185":1,"186":1,"187":1,"188":1,"189":1,"190":1,"191":2,"192":2,"193":1,"194":2,"195":2,"196":2,"197":1,"198":1},"f":{"0":37,"1":1,"2":3,"3":1,"4":2,"5":0,"6":0,"7":1,"8":1,"9":0,"10":0,"11":0,"12":0,"13":1,"14":0,"15":1,"16":0,"17":1,"18":0,"19":0,"20":0,"21":0,"22":0,"23":0,"24":0,"25":0,"26":0,"27":0,"28":0,"29":0,"30":0,"31":1,"32":0,"33":1,"34":0,"35":0,"36":0,"37":0,"38":0,"39":0,"40":0,"41":1,"42":1,"43":0,"44":0,"45":0,"46":0,"47":0,"48":0,"49":0,"50":0,"51":0,"52":0,"53":0,"54":0,"55":0,"56":0,"57":0,"58":0,"59":0,"60":0,"61":0,"62":1,"63":0,"64":1,"65":0,"66":0,"67":0,"68":0,"69":0,"70":0,"71":0,"72":0,"73":0,"74":0,"75":0,"76":0,"77":0,"78":0,"79":1,"80":0,"81":1,"82":0,"83":0,"84":0,"85":0,"86":0,"87":0,"88":0,"89":1,"90":0,"91":0,"92":0,"93":0,"94":0,"95":0,"96":0,"97":0,"98":1,"99":0,"100":0,"101":1,"102":1,"103":0,"104":1,"105":0,"106":0,"107":0,"108":0,"109":1,"110":0,"111":0,"112":0,"113":2,"114":1,"115":1,"116":1,"117":1,"118":1,"119":1,"120":2,"121":1,"122":1},"b":{"0":[2,34],"1":[2,0],"2":[2,32],"3":[0],"4":[0],"5":[0,0],"6":[0,0],"7":[0],"8":[0],"9":[0,1],"10":[0,0],"11":[0],"12":[0,0],"13":[0,0],"14":[0,0],"15":[0,1],"16":[0,1],"17":[0,1],"18":[0],"19":[0],"20":[0,0],"21":[0,0],"22":[0,0],"23":[0],"24":[0],"25":[1],"26":[0,1],"27":[0,1],"28":[0,1],"29":[0,1],"30":[0,1],"31":[0,0],"32":[0,0],"33":[0,0],"34":[1,0],"35":[0],"36":[0],"37":[0],"38":[0],"39":[0,1],"40":[1],"41":[1,0],"42":[0,1],"43":[1,0],"44":[0],"45":[1,1],"46":[2],"47":[2],"48":[1,1]},"meta":{"lastBranch":49,"lastFunction":123,"lastStatement":199,"seen":{"s:61:17:61:Infinity":0,"f:63:15:63:26":0,"s:64:19:70:Infinity":1,"b:72:2:75:Infinity:undefined:undefined:undefined:undefined":0,"s:72:2:75:Infinity":2,"s:73:18:73:Infinity":3,"f:73:46:73:53":1,"s:73:53:73:81":4,"s:74:4:74:Infinity":5,"b:74:20:74:36:74:36:74:61":1,"b:77:2:79:Infinity:undefined:undefined:undefined:undefined":2,"s:77:2:79:Infinity":6,"s:78:4:78:Infinity":7,"s:81:2:81:Infinity":8,"s:85:22:87:Infinity":9,"f:86:9:86:15":2,"s:86:15:86:Infinity":10,"s:90:22:133:Infinity":11,"f:91:8:91:14":3,"s:91:14:91:Infinity":12,"f:93:7:93:8":4,"s:93:23:93:Infinity":13,"f:95:10:95:11":5,"s:96:4:99:Infinity":14,"f:101:10:101:11":6,"s:102:4:105:Infinity":15,"f:107:10:107:11":7,"s:108:4:108:Infinity":16,"f:110:8:110:9":8,"s:111:4:114:Infinity":17,"f:116:14:116:15":9,"s:117:4:117:Infinity":18,"f:119:10:119:11":10,"s:120:4:120:Infinity":19,"f:122:12:122:13":11,"s:123:4:126:Infinity":20,"b:122:56:122:Infinity":3,"f:128:10:128:11":12,"s:129:4:132:Infinity":21,"b:128:46:128:Infinity":4,"s:136:23:224:Infinity":22,"f:137:8:137:14":13,"s:137:14:137:Infinity":23,"f:139:7:139:8":14,"s:139:25:139:Infinity":24,"f:141:10:141:11":15,"s:142:4:145:Infinity":25,"f:147:10:147:11":16,"s:148:4:148:Infinity":26,"f:150:9:150:10":17,"s:151:4:151:Infinity":27,"f:153:8:153:9":18,"s:154:4:154:Infinity":28,"f:156:12:156:13":19,"s:164:25:164:Infinity":29,"s:165:4:167:Infinity":30,"f:165:35:165:36":20,"b:166:6:166:Infinity:undefined:undefined:undefined:undefined":5,"s:166:6:166:Infinity":31,"s:166:31:166:Infinity":32,"s:168:4:170:Infinity":33,"f:173:15:173:16":21,"s:174:4:176:Infinity":34,"f:178:13:178:14":22,"s:179:17:179:Infinity":35,"b:179:26:179:77:179:77:179:Infinity":6,"s:180:4:180:Infinity":36,"f:183:12:183:13":23,"s:183:30:183:Infinity":37,"f:185:14:185:15":24,"s:191:4:194:Infinity":38,"f:196:11:196:12":25,"s:197:4:197:Infinity":39,"f:199:14:199:15":26,"s:200:4:203:Infinity":40,"b:199:88:199:Infinity":7,"f:205:15:205:16":27,"b:205:77:205:84":8,"s:206:19:206:Infinity":41,"s:207:4:209:Infinity":42,"f:212:14:212:15":28,"s:213:19:213:Infinity":43,"s:214:4:216:Infinity":44,"f:219:16:219:17":29,"s:220:4:220:Infinity":45,"f:222:14:222:15":30,"s:223:4:223:Infinity":46,"s:227:29:277:Infinity":47,"f:228:8:228:14":31,"s:228:14:228:Infinity":48,"f:230:7:230:8":32,"s:230:23:230:Infinity":49,"f:232:10:232:11":33,"s:239:17:239:Infinity":50,"b:239:30:239:75:239:75:239:Infinity":9,"s:240:4:243:Infinity":51,"f:246:9:246:10":34,"s:247:4:247:Infinity":52,"f:249:10:249:11":35,"s:250:4:250:Infinity":53,"f:252:10:252:11":36,"s:253:4:253:Infinity":54,"f:255:17:255:18":37,"s:256:4:256:Infinity":55,"f:258:15:258:16":38,"s:259:4:259:Infinity":56,"f:261:11:261:12":39,"s:262:4:265:Infinity":57,"f:267:9:267:10":40,"s:273:4:276:Infinity":58,"s:280:24:336:Infinity":59,"f:282:12:282:13":41,"s:283:4:286:Infinity":60,"f:288:10:288:11":42,"s:294:4:297:Infinity":61,"f:299:10:299:11":43,"s:300:4:302:Infinity":62,"f:304:9:304:10":44,"s:305:4:305:Infinity":63,"f:307:17:307:18":45,"s:308:4:311:Infinity":64,"f:314:16:314:17":46,"s:315:17:317:Infinity":65,"b:316:8:316:Infinity:317:8:317:Infinity":10,"s:318:4:321:Infinity":66,"f:324:19:324:20":47,"s:332:4:335:Infinity":67,"s:339:25:352:Infinity":68,"f:340:8:340:14":48,"s:340:14:340:Infinity":69,"f:342:7:342:8":49,"s:342:23:342:Infinity":70,"f:344:10:344:11":50,"s:345:4:348:Infinity":71,"f:350:10:350:11":51,"s:351:4:351:Infinity":72,"s:355:22:380:Infinity":73,"f:356:8:356:9":52,"b:356:50:356:60":11,"s:357:19:357:Infinity":74,"b:358:4:358:Infinity:undefined:undefined:undefined:undefined":12,"s:358:4:358:Infinity":75,"s:358:20:358:Infinity":76,"b:359:4:359:Infinity:undefined:undefined:undefined:undefined":13,"s:359:4:359:Infinity":77,"s:359:27:359:Infinity":78,"s:360:18:360:Infinity":79,"s:361:4:361:Infinity":80,"b:361:73:361:87:361:87:361:89":14,"f:364:7:364:8":53,"s:364:23:364:Infinity":81,"f:366:10:366:11":54,"s:367:4:370:Infinity":82,"f:372:10:372:11":55,"s:373:4:376:Infinity":83,"f:378:10:378:11":56,"s:379:4:379:Infinity":84,"s:383:24:402:Infinity":85,"f:384:8:384:14":57,"s:384:14:384:Infinity":86,"f:386:7:386:8":58,"s:386:23:386:Infinity":87,"f:388:10:388:11":59,"s:389:4:392:Infinity":88,"f:394:10:394:11":60,"s:395:4:398:Infinity":89,"f:400:10:400:11":61,"s:401:4:401:Infinity":90,"s:405:31:446:Infinity":91,"f:406:8:406:9":62,"s:407:19:407:Infinity":92,"b:408:4:408:Infinity:undefined:undefined:undefined:undefined":15,"s:408:4:408:Infinity":93,"s:408:16:408:Infinity":94,"b:409:4:409:Infinity:undefined:undefined:undefined:undefined":16,"s:409:4:409:Infinity":95,"s:409:17:409:Infinity":96,"s:410:18:410:Infinity":97,"s:411:4:413:Infinity":98,"b:412:34:412:48:412:48:412:50":17,"f:416:7:416:8":63,"s:416:23:416:Infinity":99,"f:418:10:418:11":64,"s:419:4:422:Infinity":100,"f:424:9:424:10":65,"s:425:4:427:Infinity":101,"f:429:10:429:11":66,"s:430:4:432:Infinity":102,"f:434:10:434:11":67,"s:435:4:437:Infinity":103,"f:439:12:439:13":68,"s:440:4:442:Infinity":104,"b:439:33:439:38":18,"b:439:47:439:Infinity":19,"f:444:10:444:11":69,"s:445:4:445:Infinity":105,"s:449:32:494:Infinity":106,"f:450:8:450:9":70,"s:451:19:451:Infinity":107,"b:452:4:452:Infinity:undefined:undefined:undefined:undefined":20,"s:452:4:452:Infinity":108,"s:452:16:452:Infinity":109,"b:453:4:453:Infinity:undefined:undefined:undefined:undefined":21,"s:453:4:453:Infinity":110,"s:453:17:453:Infinity":111,"s:454:18:454:Infinity":112,"s:455:4:455:Infinity":113,"b:455:67:455:81:455:81:455:83":22,"f:458:7:458:8":71,"s:458:23:458:Infinity":114,"f:460:10:460:11":72,"s:461:4:464:Infinity":115,"f:466:10:466:11":73,"s:467:4:470:Infinity":116,"f:472:9:472:10":74,"s:473:4:475:Infinity":117,"f:477:10:477:11":75,"s:478:4:480:Infinity":118,"f:482:11:482:12":76,"s:483:4:485:Infinity":119,"f:487:10:487:11":77,"s:488:4:488:Infinity":120,"f:490:11:490:12":78,"s:491:4:493:Infinity":121,"b:490:32:490:36":23,"b:490:45:490:Infinity":24,"s:497:21:596:Infinity":122,"f:498:8:498:9":79,"b:498:41:498:48":25,"s:499:19:499:Infinity":123,"b:500:4:500:Infinity:undefined:undefined:undefined:undefined":26,"s:500:4:500:Infinity":124,"s:500:16:500:Infinity":125,"b:501:4:501:Infinity:undefined:undefined:undefined:undefined":27,"s:501:4:501:Infinity":126,"s:501:18:501:Infinity":127,"b:502:4:502:Infinity:undefined:undefined:undefined:undefined":28,"s:502:4:502:Infinity":128,"s:502:17:502:Infinity":129,"b:503:4:503:Infinity:undefined:undefined:undefined:undefined":29,"s:503:4:503:Infinity":130,"s:503:18:503:Infinity":131,"s:504:18:504:Infinity":132,"s:505:4:507:Infinity":133,"b:506:23:506:37:506:37:506:39":30,"f:510:7:510:8":80,"s:510:23:510:Infinity":134,"f:512:10:512:11":81,"s:513:4:516:Infinity":135,"f:518:10:518:11":82,"s:519:4:522:Infinity":136,"f:524:10:524:11":83,"s:525:4:525:Infinity":137,"f:528:9:528:10":84,"s:529:4:529:Infinity":138,"f:531:12:531:13":85,"s:532:4:534:Infinity":139,"b:532:58:532:115:532:115:532:117":31,"f:536:8:536:9":86,"s:537:19:537:Infinity":140,"b:538:4:538:Infinity:undefined:undefined:undefined:undefined":32,"s:538:4:538:Infinity":141,"s:538:24:538:Infinity":142,"s:539:4:539:Infinity":143,"f:542:9:542:10":87,"s:543:4:545:Infinity":144,"b:543:48:543:90:543:90:543:92":33,"f:547:10:547:11":88,"s:548:4:548:Infinity":145,"f:550:18:550:19":89,"s:551:19:551:Infinity":146,"b:552:4:552:Infinity:undefined:undefined:undefined:undefined":34,"s:552:4:552:Infinity":147,"s:552:17:552:Infinity":148,"s:553:4:553:Infinity":149,"f:557:13:557:14":90,"s:558:4:564:Infinity":150,"b:557:40:557:Infinity":35,"f:566:15:566:16":91,"s:567:4:567:Infinity":151,"f:569:11:569:12":92,"s:570:4:570:Infinity":152,"f:573:17:573:18":93,"s:574:4:580:Infinity":153,"b:573:68:573:Infinity":36,"f:582:20:582:21":94,"s:583:4:583:Infinity":154,"f:585:19:585:20":95,"s:586:4:586:Infinity":155,"f:588:17:588:18":96,"s:589:4:589:Infinity":156,"f:592:17:592:18":97,"s:593:4:595:Infinity":157,"b:592:38:592:42":37,"b:592:51:592:Infinity":38,"s:599:24:618:Infinity":158,"f:600:7:600:13":98,"s:600:13:600:Infinity":159,"f:602:18:602:19":99,"s:603:4:606:Infinity":160,"f:608:21:608:22":100,"s:609:4:612:Infinity":161,"f:614:16:614:17":101,"s:615:4:617:Infinity":162,"s:621:24:676:Infinity":163,"f:622:8:622:9":102,"s:623:19:623:Infinity":164,"b:623:28:623:50:623:50:623:Infinity":39,"s:624:4:624:Infinity":165,"f:627:7:627:8":103,"s:627:23:627:Infinity":166,"f:629:10:629:11":104,"s:630:4:633:Infinity":167,"f:635:10:635:11":105,"s:636:4:639:Infinity":168,"f:641:10:641:11":106,"s:642:4:642:Infinity":169,"f:644:11:644:12":107,"s:645:4:645:Infinity":170,"f:647:14:647:15":108,"s:648:4:648:Infinity":171,"f:651:17:651:18":109,"b:651:46:651:56":40,"s:652:19:652:Infinity":172,"b:653:4:653:Infinity:undefined:undefined:undefined:undefined":41,"s:653:4:653:Infinity":173,"s:653:14:653:Infinity":174,"b:654:4:654:Infinity:undefined:undefined:undefined:undefined":42,"s:654:4:654:Infinity":175,"s:654:20:654:Infinity":176,"s:655:18:655:Infinity":177,"s:656:4:656:Infinity":178,"b:656:76:656:90:656:90:656:92":43,"f:660:14:660:15":110,"s:661:4:664:Infinity":179,"b:660:64:660:Infinity":44,"f:666:16:666:17":111,"s:667:4:667:Infinity":180,"f:669:15:669:16":112,"s:670:4:675:Infinity":181,"s:679:25:728:Infinity":182,"f:680:8:680:9":113,"s:681:19:681:Infinity":183,"b:681:28:681:50:681:50:681:Infinity":45,"s:682:4:682:Infinity":184,"f:685:7:685:8":114,"s:685:23:685:Infinity":185,"f:687:10:687:11":115,"s:688:4:691:Infinity":186,"f:693:10:693:11":116,"s:694:4:697:Infinity":187,"f:699:10:699:11":117,"s:700:4:700:Infinity":188,"f:702:10:702:11":118,"s:703:4:703:Infinity":189,"f:705:7:705:8":119,"s:706:4:709:Infinity":190,"f:711:11:711:12":120,"b:711:60:711:64":46,"b:711:73:711:79":47,"s:712:19:712:Infinity":191,"b:713:4:713:Infinity:undefined:undefined:undefined:undefined":48,"s:713:4:713:Infinity":192,"s:713:16:713:Infinity":193,"s:714:4:714:Infinity":194,"s:715:4:715:Infinity":195,"s:716:4:718:Infinity":196,"f:721:10:721:11":121,"s:722:4:722:Infinity":197,"f:724:13:724:14":122,"s:725:4:727:Infinity":198}}}
}
